{"/home/travis/build/npmtest/node-npmtest-angular-sanitize/test.js":{"path":"/home/travis/build/npmtest/node-npmtest-angular-sanitize/test.js","s":{"1":2,"2":2,"3":2,"4":2,"5":2,"6":2,"7":2,"8":1,"9":2,"10":2,"11":1,"12":1,"13":1,"14":1,"15":2,"16":2,"17":2,"18":2,"19":1,"20":1,"21":2,"22":2,"23":2,"24":1,"25":1,"26":1,"27":1,"28":1,"29":1,"30":1,"31":1,"32":1,"33":1,"34":1,"35":1,"36":1,"37":1,"38":1,"39":2,"40":2,"41":1,"42":2,"43":2,"44":1,"45":2,"46":2,"47":1,"48":2,"49":2,"50":1,"51":1,"52":1,"53":1,"54":1},"b":{"1":[2,1,1,1],"2":[1,1,1,1],"3":[1,1],"4":[1,1],"5":[1,1],"6":[1,1],"7":[1,1],"8":[1,1],"9":[1,1],"10":[1,1,1],"11":[1,1],"12":[1,1],"13":[1,1],"14":[1,1],"15":[1,1],"16":[1,1],"17":[1,1]},"f":{"1":2,"2":2,"3":2,"4":2,"5":2,"6":1,"7":1,"8":1,"9":2,"10":2,"11":2,"12":2,"13":1},"fnMap":{"1":{"name":"(anonymous_1)","line":12,"loc":{"start":{"line":12,"column":1},"end":{"line":12,"column":13}}},"2":{"name":"(anonymous_2)","line":19,"loc":{"start":{"line":19,"column":5},"end":{"line":19,"column":17}}},"3":{"name":"(anonymous_3)","line":23,"loc":{"start":{"line":23,"column":24},"end":{"line":23,"column":36}}},"4":{"name":"(anonymous_4)","line":61,"loc":{"start":{"line":61,"column":5},"end":{"line":61,"column":17}}},"5":{"name":"(anonymous_5)","line":82,"loc":{"start":{"line":82,"column":5},"end":{"line":82,"column":17}}},"6":{"name":"(anonymous_6)","line":91,"loc":{"start":{"line":91,"column":77},"end":{"line":94,"column":10}}},"7":{"name":"(anonymous_7)","line":112,"loc":{"start":{"line":112,"column":83},"end":{"line":115,"column":10}},"skip":true},"8":{"name":"(anonymous_8)","line":123,"loc":{"start":{"line":123,"column":77},"end":{"line":126,"column":10}},"skip":true},"9":{"name":"(anonymous_9)","line":139,"loc":{"start":{"line":139,"column":12},"end":{"line":139,"column":40}},"skip":true},"10":{"name":"(anonymous_10)","line":147,"loc":{"start":{"line":147,"column":77},"end":{"line":150,"column":10}},"skip":true},"11":{"name":"(anonymous_11)","line":158,"loc":{"start":{"line":158,"column":83},"end":{"line":161,"column":10}},"skip":true},"12":{"name":"(anonymous_12)","line":169,"loc":{"start":{"line":169,"column":79},"end":{"line":172,"column":10}},"skip":true},"13":{"name":"(anonymous_13)","line":180,"loc":{"start":{"line":180,"column":75},"end":{"line":183,"column":10}},"skip":true}},"statementMap":{"1":{"start":{"line":12,"column":0},"end":{"line":195,"column":5}},"2":{"start":{"line":14,"column":4},"end":{"line":14,"column":14}},"3":{"start":{"line":19,"column":4},"end":{"line":56,"column":9}},"4":{"start":{"line":21,"column":8},"end":{"line":21,"column":19}},"5":{"start":{"line":23,"column":8},"end":{"line":35,"column":13}},"6":{"start":{"line":24,"column":12},"end":{"line":34,"column":13}},"7":{"start":{"line":25,"column":16},"end":{"line":28,"column":30}},"8":{"start":{"line":30,"column":16},"end":{"line":33,"column":27}},"9":{"start":{"line":37,"column":8},"end":{"line":39,"column":21}},"10":{"start":{"line":40,"column":8},"end":{"line":53,"column":9}},"11":{"start":{"line":43,"column":12},"end":{"line":46,"column":14}},"12":{"start":{"line":47,"column":12},"end":{"line":47,"column":18}},"13":{"start":{"line":50,"column":12},"end":{"line":51,"column":33}},"14":{"start":{"line":52,"column":12},"end":{"line":52,"column":18}},"15":{"start":{"line":55,"column":8},"end":{"line":55,"column":35}},"16":{"start":{"line":61,"column":4},"end":{"line":63,"column":9}},"17":{"start":{"line":62,"column":8},"end":{"line":62,"column":15}},"18":{"start":{"line":64,"column":4},"end":{"line":77,"column":5}},"19":{"start":{"line":70,"column":8},"end":{"line":70,"column":14}},"20":{"start":{"line":76,"column":8},"end":{"line":76,"column":14}},"21":{"start":{"line":82,"column":4},"end":{"line":84,"column":9}},"22":{"start":{"line":83,"column":8},"end":{"line":83,"column":15}},"23":{"start":{"line":85,"column":4},"end":{"line":194,"column":5}},"24":{"start":{"line":91,"column":8},"end":{"line":99,"column":10}},"25":{"start":{"line":98,"column":12},"end":{"line":98,"column":35}},"26":{"start":{"line":102,"column":8},"end":{"line":104,"column":63}},"27":{"start":{"line":105,"column":8},"end":{"line":105,"column":14}},"28":{"start":{"line":112,"column":8},"end":{"line":121,"column":10},"skip":true},"29":{"start":{"line":119,"column":12},"end":{"line":119,"column":55},"skip":true},"30":{"start":{"line":120,"column":12},"end":{"line":120,"column":48},"skip":true},"31":{"start":{"line":123,"column":8},"end":{"line":136,"column":10},"skip":true},"32":{"start":{"line":130,"column":12},"end":{"line":130,"column":76},"skip":true},"33":{"start":{"line":131,"column":12},"end":{"line":131,"column":73},"skip":true},"34":{"start":{"line":132,"column":12},"end":{"line":132,"column":74},"skip":true},"35":{"start":{"line":133,"column":12},"end":{"line":133,"column":79},"skip":true},"36":{"start":{"line":134,"column":12},"end":{"line":134,"column":25},"skip":true},"37":{"start":{"line":135,"column":12},"end":{"line":135,"column":45},"skip":true},"38":{"start":{"line":138,"column":8},"end":{"line":145,"column":14},"skip":true},"39":{"start":{"line":143,"column":16},"end":{"line":143,"column":29},"skip":true},"40":{"start":{"line":144,"column":16},"end":{"line":144,"column":55},"skip":true},"41":{"start":{"line":147,"column":8},"end":{"line":156,"column":10},"skip":true},"42":{"start":{"line":154,"column":12},"end":{"line":154,"column":25},"skip":true},"43":{"start":{"line":155,"column":12},"end":{"line":155,"column":45},"skip":true},"44":{"start":{"line":158,"column":8},"end":{"line":167,"column":10},"skip":true},"45":{"start":{"line":165,"column":12},"end":{"line":165,"column":25},"skip":true},"46":{"start":{"line":166,"column":12},"end":{"line":166,"column":48},"skip":true},"47":{"start":{"line":169,"column":8},"end":{"line":178,"column":10},"skip":true},"48":{"start":{"line":176,"column":12},"end":{"line":176,"column":25},"skip":true},"49":{"start":{"line":177,"column":12},"end":{"line":177,"column":46},"skip":true},"50":{"start":{"line":180,"column":8},"end":{"line":189,"column":10},"skip":true},"51":{"start":{"line":187,"column":12},"end":{"line":187,"column":94},"skip":true},"52":{"start":{"line":188,"column":12},"end":{"line":188,"column":48},"skip":true},"53":{"start":{"line":192,"column":8},"end":{"line":192,"column":35},"skip":true},"54":{"start":{"line":193,"column":8},"end":{"line":193,"column":14},"skip":true}},"branchMap":{"1":{"line":25,"type":"binary-expr","locations":[{"start":{"line":25,"column":23},"end":{"line":25,"column":62}},{"start":{"line":26,"column":20},"end":{"line":26,"column":70}},{"start":{"line":27,"column":20},"end":{"line":27,"column":71}},{"start":{"line":28,"column":20},"end":{"line":28,"column":29}}]},"2":{"line":30,"type":"binary-expr","locations":[{"start":{"line":30,"column":23},"end":{"line":30,"column":37}},{"start":{"line":31,"column":20},"end":{"line":31,"column":61}},{"start":{"line":32,"column":20},"end":{"line":32,"column":70}},{"start":{"line":33,"column":20},"end":{"line":33,"column":26}}]},"3":{"line":37,"type":"cond-expr","locations":[{"start":{"line":38,"column":14},"end":{"line":38,"column":20}},{"start":{"line":39,"column":14},"end":{"line":39,"column":20}}]},"4":{"line":40,"type":"switch","locations":[{"start":{"line":42,"column":8},"end":{"line":47,"column":18}},{"start":{"line":49,"column":8},"end":{"line":52,"column":18}}]},"5":{"line":44,"type":"binary-expr","locations":[{"start":{"line":44,"column":16},"end":{"line":44,"column":44}},{"start":{"line":44,"column":48},"end":{"line":44,"column":66}}]},"6":{"line":50,"type":"binary-expr","locations":[{"start":{"line":50,"column":21},"end":{"line":50,"column":49}},{"start":{"line":50,"column":53},"end":{"line":50,"column":72}}]},"7":{"line":64,"type":"switch","locations":[{"start":{"line":69,"column":4},"end":{"line":70,"column":14}},{"start":{"line":75,"column":4},"end":{"line":76,"column":14}}]},"8":{"line":85,"type":"switch","locations":[{"start":{"line":90,"column":4},"end":{"line":105,"column":14}},{"start":{"line":111,"column":4},"end":{"line":193,"column":14},"skip":true}]},"9":{"line":91,"type":"binary-expr","locations":[{"start":{"line":91,"column":42},"end":{"line":91,"column":73}},{"start":{"line":91,"column":77},"end":{"line":99,"column":9}}]},"10":{"line":102,"type":"binary-expr","locations":[{"start":{"line":102,"column":18},"end":{"line":102,"column":32}},{"start":{"line":103,"column":12},"end":{"line":103,"column":53}},{"start":{"line":104,"column":12},"end":{"line":104,"column":61}}]},"11":{"line":112,"type":"binary-expr","locations":[{"start":{"line":112,"column":45},"end":{"line":112,"column":79},"skip":true},{"start":{"line":112,"column":83},"end":{"line":121,"column":9},"skip":true}]},"12":{"line":123,"type":"binary-expr","locations":[{"start":{"line":123,"column":42},"end":{"line":123,"column":73},"skip":true},{"start":{"line":123,"column":77},"end":{"line":136,"column":9},"skip":true}]},"13":{"line":138,"type":"binary-expr","locations":[{"start":{"line":138,"column":48},"end":{"line":138,"column":85},"skip":true},{"start":{"line":139,"column":12},"end":{"line":145,"column":13},"skip":true}]},"14":{"line":147,"type":"binary-expr","locations":[{"start":{"line":147,"column":42},"end":{"line":147,"column":73},"skip":true},{"start":{"line":147,"column":77},"end":{"line":156,"column":9},"skip":true}]},"15":{"line":158,"type":"binary-expr","locations":[{"start":{"line":158,"column":45},"end":{"line":158,"column":79},"skip":true},{"start":{"line":158,"column":83},"end":{"line":167,"column":9},"skip":true}]},"16":{"line":169,"type":"binary-expr","locations":[{"start":{"line":169,"column":43},"end":{"line":169,"column":75},"skip":true},{"start":{"line":169,"column":79},"end":{"line":178,"column":9},"skip":true}]},"17":{"line":180,"type":"binary-expr","locations":[{"start":{"line":180,"column":41},"end":{"line":180,"column":71},"skip":true},{"start":{"line":180,"column":75},"end":{"line":189,"column":9},"skip":true}]}},"code":["/* istanbul instrument in package npmtest_angular_sanitize */","/*jslint","    bitwise: true,","    browser: true,","    maxerr: 8,","    maxlen: 96,","    node: true,","    nomen: true,","    regexp: true,","    stupid: true","*/","(function () {","    'use strict';","    var local;","","","","    // run shared js-env code - init-before","    (function () {","        // init local","        local = {};","        // init modeJs","        local.modeJs = (function () {","            try {","                return typeof navigator.userAgent === 'string' &&","                    typeof document.querySelector('body') === 'object' &&","                    typeof XMLHttpRequest.prototype.open === 'function' &&","                    'browser';","            } catch (errorCaughtBrowser) {","                return module.exports &&","                    typeof process.versions.node === 'string' &&","                    typeof require('http').createServer === 'function' &&","                    'node';","            }","        }());","        // init global","        local.global = local.modeJs === 'browser'","            ? window","            : global;","        switch (local.modeJs) {","        // re-init local from window.local","        case 'browser':","            local = local.global.utility2.objectSetDefault(","                local.global.utility2_rollup || local.global.local,","                local.global.utility2","            );","            break;","        // re-init local from example.js","        case 'node':","            local = (local.global.utility2_rollup || require('utility2'))","                .requireReadme();","            break;","        }","        // export local","        local.global.local = local;","    }());","","","","    // run shared js-env code - function","    (function () {","        return;","    }());","    switch (local.modeJs) {","","","","    // run browser js-env code - function","    case 'browser':","        break;","","","","    // run node js-env code - function","    case 'node':","        break;","    }","","","","    // run shared js-env code - init-after","    (function () {","        return;","    }());","    switch (local.modeJs) {","","","","    // run browser js-env code - init-after","    case 'browser':","        local.testCase_browser_nullCase = local.testCase_browser_nullCase || function (","            options,","            onError","        ) {","        /*","         * this function will test browsers's null-case handling-behavior-behavior","         */","            onError(null, options);","        };","","        // run tests","        local.nop(local.modeTest &&","            document.querySelector('#testRunButton1') &&","            document.querySelector('#testRunButton1').click());","        break;","","","","    // run node js-env code - init-after","    /* istanbul ignore next */","    case 'node':","        local.testCase_buildApidoc_default = local.testCase_buildApidoc_default || function (","            options,","            onError","        ) {","        /*","         * this function will test buildApidoc's default handling-behavior-behavior","         */","            options = { modulePathList: module.paths };","            local.buildApidoc(options, onError);","        };","","        local.testCase_buildApp_default = local.testCase_buildApp_default || function (","            options,","            onError","        ) {","        /*","         * this function will test buildApp's default handling-behavior-behavior","         */","            local.testCase_buildReadme_default(options, local.onErrorThrow);","            local.testCase_buildLib_default(options, local.onErrorThrow);","            local.testCase_buildTest_default(options, local.onErrorThrow);","            local.testCase_buildCustomOrg_default(options, local.onErrorThrow);","            options = [];","            local.buildApp(options, onError);","        };","","        local.testCase_buildCustomOrg_default = local.testCase_buildCustomOrg_default ||","            function (options, onError) {","            /*","             * this function will test buildCustomOrg's default handling-behavior","             */","                options = {};","                local.buildCustomOrg(options, onError);","            };","","        local.testCase_buildLib_default = local.testCase_buildLib_default || function (","            options,","            onError","        ) {","        /*","         * this function will test buildLib's default handling-behavior","         */","            options = {};","            local.buildLib(options, onError);","        };","","        local.testCase_buildReadme_default = local.testCase_buildReadme_default || function (","            options,","            onError","        ) {","        /*","         * this function will test buildReadme's default handling-behavior-behavior","         */","            options = {};","            local.buildReadme(options, onError);","        };","","        local.testCase_buildTest_default = local.testCase_buildTest_default || function (","            options,","            onError","        ) {","        /*","         * this function will test buildTest's default handling-behavior","         */","            options = {};","            local.buildTest(options, onError);","        };","","        local.testCase_webpage_default = local.testCase_webpage_default || function (","            options,","            onError","        ) {","        /*","         * this function will test webpage's default handling-behavior","         */","            options = { modeCoverageMerge: true, url: local.serverLocalHost + '?modeTest=1' };","            local.browserTest(options, onError);","        };","","        // run test-server","        local.testRunServer(local);","        break;","    }","}());",""],"l":{"12":2,"14":2,"19":2,"21":2,"23":2,"24":2,"25":2,"30":1,"37":2,"40":2,"43":1,"47":1,"50":1,"52":1,"55":2,"61":2,"62":2,"64":2,"70":1,"76":1,"82":2,"83":2,"85":2,"91":1,"98":1,"102":1,"105":1,"112":1,"119":1,"120":1,"123":1,"130":1,"131":1,"132":1,"133":1,"134":1,"135":1,"138":1,"143":2,"144":2,"147":1,"154":2,"155":2,"158":1,"165":2,"166":2,"169":1,"176":2,"177":2,"180":1,"187":1,"188":1,"192":1,"193":1}},"/home/travis/build/npmtest/node-npmtest-angular-sanitize/lib.npmtest_angular_sanitize.js":{"path":"/home/travis/build/npmtest/node-npmtest-angular-sanitize/lib.npmtest_angular_sanitize.js","s":{"1":2,"2":2,"3":2,"4":2,"5":2,"6":2,"7":2,"8":1,"9":2,"10":2,"11":2,"12":2,"13":1,"14":1,"15":1,"16":1},"b":{"1":[2,1,1,1],"2":[1,1,1,1],"3":[1,1],"4":[2,2],"5":[1,1]},"f":{"1":2,"2":2,"3":2},"fnMap":{"1":{"name":"(anonymous_1)","line":12,"loc":{"start":{"line":12,"column":1},"end":{"line":12,"column":13}}},"2":{"name":"(anonymous_2)","line":19,"loc":{"start":{"line":19,"column":5},"end":{"line":19,"column":17}}},"3":{"name":"(anonymous_3)","line":23,"loc":{"start":{"line":23,"column":24},"end":{"line":23,"column":36}}}},"statementMap":{"1":{"start":{"line":12,"column":0},"end":{"line":53,"column":5}},"2":{"start":{"line":14,"column":4},"end":{"line":14,"column":14}},"3":{"start":{"line":19,"column":4},"end":{"line":52,"column":9}},"4":{"start":{"line":21,"column":8},"end":{"line":21,"column":19}},"5":{"start":{"line":23,"column":8},"end":{"line":35,"column":13}},"6":{"start":{"line":24,"column":12},"end":{"line":34,"column":13}},"7":{"start":{"line":25,"column":16},"end":{"line":28,"column":30}},"8":{"start":{"line":30,"column":16},"end":{"line":33,"column":27}},"9":{"start":{"line":37,"column":8},"end":{"line":39,"column":21}},"10":{"start":{"line":41,"column":8},"end":{"line":41,"column":54}},"11":{"start":{"line":43,"column":8},"end":{"line":43,"column":61}},"12":{"start":{"line":45,"column":8},"end":{"line":51,"column":9}},"13":{"start":{"line":46,"column":12},"end":{"line":46,"column":67}},"14":{"start":{"line":48,"column":12},"end":{"line":48,"column":35}},"15":{"start":{"line":49,"column":12},"end":{"line":49,"column":49}},"16":{"start":{"line":50,"column":12},"end":{"line":50,"column":43}}},"branchMap":{"1":{"line":25,"type":"binary-expr","locations":[{"start":{"line":25,"column":23},"end":{"line":25,"column":62}},{"start":{"line":26,"column":20},"end":{"line":26,"column":70}},{"start":{"line":27,"column":20},"end":{"line":27,"column":71}},{"start":{"line":28,"column":20},"end":{"line":28,"column":29}}]},"2":{"line":30,"type":"binary-expr","locations":[{"start":{"line":30,"column":23},"end":{"line":30,"column":37}},{"start":{"line":31,"column":20},"end":{"line":31,"column":61}},{"start":{"line":32,"column":20},"end":{"line":32,"column":70}},{"start":{"line":33,"column":20},"end":{"line":33,"column":26}}]},"3":{"line":37,"type":"cond-expr","locations":[{"start":{"line":38,"column":14},"end":{"line":38,"column":20}},{"start":{"line":39,"column":14},"end":{"line":39,"column":20}}]},"4":{"line":41,"type":"binary-expr","locations":[{"start":{"line":41,"column":16},"end":{"line":41,"column":44}},{"start":{"line":41,"column":48},"end":{"line":41,"column":53}}]},"5":{"line":45,"type":"if","locations":[{"start":{"line":45,"column":8},"end":{"line":45,"column":8}},{"start":{"line":45,"column":8},"end":{"line":45,"column":8}}]}},"code":["/* istanbul instrument in package npmtest_angular_sanitize */","/*jslint","    bitwise: true,","    browser: true,","    maxerr: 8,","    maxlen: 96,","    node: true,","    nomen: true,","    regexp: true,","    stupid: true","*/","(function () {","    'use strict';","    var local;","","","","    // run shared js-env code - init-before","    (function () {","        // init local","        local = {};","        // init modeJs","        local.modeJs = (function () {","            try {","                return typeof navigator.userAgent === 'string' &&","                    typeof document.querySelector('body') === 'object' &&","                    typeof XMLHttpRequest.prototype.open === 'function' &&","                    'browser';","            } catch (errorCaughtBrowser) {","                return module.exports &&","                    typeof process.versions.node === 'string' &&","                    typeof require('http').createServer === 'function' &&","                    'node';","            }","        }());","        // init global","        local.global = local.modeJs === 'browser'","            ? window","            : global;","        // init utility2_rollup","        local = local.global.utility2_rollup || local;","        // init lib","        local.local = local.npmtest_angular_sanitize = local;","        // init exports","        if (local.modeJs === 'browser') {","            local.global.utility2_npmtest_angular_sanitize = local;","        } else {","            module.exports = local;","            module.exports.__dirname = __dirname;","            module.exports.module = module;","        }","    }());","}());",""],"l":{"12":2,"14":2,"19":2,"21":2,"23":2,"24":2,"25":2,"30":1,"37":2,"41":2,"43":2,"45":2,"46":1,"48":1,"49":1,"50":1}},"/home/travis/build/npmtest/node-npmtest-angular-sanitize/example.js":{"path":"/home/travis/build/npmtest/node-npmtest-angular-sanitize/example.js","s":{"1":2,"2":2,"3":2,"4":2,"5":2,"6":2,"7":2,"8":1,"9":2,"10":2,"11":2,"12":2,"13":1,"14":2,"15":2,"16":2,"17":2,"18":2,"19":0,"20":2,"21":1,"22":1,"23":1,"24":1,"25":1,"26":0,"27":0,"28":1,"29":1,"30":2,"31":0,"32":0,"33":0,"34":1,"35":2,"36":2,"37":3,"38":3,"39":3,"40":3,"41":0,"42":3,"43":3,"44":3,"45":1,"46":3,"47":1,"48":1,"49":1,"50":1,"51":1,"52":1,"53":1,"54":1,"55":1,"56":1,"57":0,"58":1,"59":6,"60":6,"61":1,"62":2,"63":0,"64":2,"65":1,"66":1,"67":0,"68":0,"69":0,"70":0,"71":0,"72":0,"73":0,"74":0,"75":0,"76":0,"77":0,"78":0,"79":0,"80":0,"81":0,"82":0,"83":0},"b":{"1":[2,1,1,1],"2":[1,1,1,1],"3":[1,1],"4":[2,2],"5":[1,1],"6":[1,1],"7":[2,0],"8":[2,1,1,1,1,1],"9":[0,2,0],"10":[1,1],"11":[2,1,1],"12":[1,0],"13":[0,2],"14":[2,0,0,0,0,0,0],"15":[0,3],"16":[3,0],"17":[1,1],"18":[0,1],"19":[1,2,0,2],"20":[1,0],"21":[1,1],"22":[0,0],"23":[0,0],"24":[0,0],"25":[0,0],"26":[0,0],"27":[0,0],"28":[0,0]},"f":{"1":2,"2":2,"3":2,"4":2,"5":2,"6":2,"7":3,"8":3,"9":3,"10":1,"11":6,"12":0},"fnMap":{"1":{"name":"(anonymous_1)","line":26,"loc":{"start":{"line":26,"column":1},"end":{"line":26,"column":13}}},"2":{"name":"(anonymous_2)","line":33,"loc":{"start":{"line":33,"column":5},"end":{"line":33,"column":17}}},"3":{"name":"(anonymous_3)","line":37,"loc":{"start":{"line":37,"column":24},"end":{"line":37,"column":36}}},"4":{"name":"(anonymous_4)","line":69,"loc":{"start":{"line":69,"column":31},"end":{"line":69,"column":48}},"skip":true},"5":{"name":"(anonymous_5)","line":78,"loc":{"start":{"line":78,"column":26},"end":{"line":78,"column":45}},"skip":true},"6":{"name":"(anonymous_6)","line":123,"loc":{"start":{"line":123,"column":33},"end":{"line":123,"column":48}},"skip":true},"7":{"name":"(anonymous_7)","line":125,"loc":{"start":{"line":125,"column":27},"end":{"line":125,"column":39}},"skip":true},"8":{"name":"(anonymous_8)","line":133,"loc":{"start":{"line":133,"column":59},"end":{"line":133,"column":74}},"skip":true},"9":{"name":"(anonymous_9)","line":143,"loc":{"start":{"line":143,"column":45},"end":{"line":143,"column":62}},"skip":true},"10":{"name":"(anonymous_10)","line":144,"loc":{"start":{"line":144,"column":73},"end":{"line":144,"column":92}},"skip":true},"11":{"name":"(anonymous_11)","line":272,"loc":{"start":{"line":272,"column":51},"end":{"line":272,"column":77}},"skip":true},"12":{"name":"(anonymous_12)","line":315,"loc":{"start":{"line":315,"column":32},"end":{"line":315,"column":61}},"skip":true}},"statementMap":{"1":{"start":{"line":26,"column":0},"end":{"line":326,"column":5}},"2":{"start":{"line":28,"column":4},"end":{"line":28,"column":14}},"3":{"start":{"line":33,"column":4},"end":{"line":60,"column":9}},"4":{"start":{"line":35,"column":8},"end":{"line":35,"column":19}},"5":{"start":{"line":37,"column":8},"end":{"line":49,"column":13}},"6":{"start":{"line":38,"column":12},"end":{"line":48,"column":13}},"7":{"start":{"line":39,"column":16},"end":{"line":42,"column":30}},"8":{"start":{"line":44,"column":16},"end":{"line":47,"column":27}},"9":{"start":{"line":51,"column":8},"end":{"line":53,"column":21}},"10":{"start":{"line":55,"column":8},"end":{"line":57,"column":45}},"11":{"start":{"line":59,"column":8},"end":{"line":59,"column":35}},"12":{"start":{"line":61,"column":4},"end":{"line":325,"column":5}},"13":{"start":{"line":69,"column":8},"end":{"line":121,"column":10},"skip":true},"14":{"start":{"line":70,"column":12},"end":{"line":88,"column":13},"skip":true},"15":{"start":{"line":76,"column":16},"end":{"line":87,"column":19},"skip":true},"16":{"start":{"line":79,"column":20},"end":{"line":86,"column":21},"skip":true},"17":{"start":{"line":82,"column":24},"end":{"line":82,"column":43},"skip":true},"18":{"start":{"line":83,"column":24},"end":{"line":83,"column":30},"skip":true},"19":{"start":{"line":85,"column":24},"end":{"line":85,"column":49},"skip":true},"20":{"start":{"line":89,"column":12},"end":{"line":107,"column":13},"skip":true},"21":{"start":{"line":92,"column":16},"end":{"line":102,"column":17},"skip":true},"22":{"start":{"line":93,"column":20},"end":{"line":93,"column":86},"skip":true},"23":{"start":{"line":94,"column":20},"end":{"line":95,"column":45},"skip":true},"24":{"start":{"line":96,"column":20},"end":{"line":96,"column":42},"skip":true},"25":{"start":{"line":97,"column":20},"end":{"line":97,"column":48},"skip":true},"26":{"start":{"line":100,"column":20},"end":{"line":100,"column":85},"skip":true},"27":{"start":{"line":101,"column":20},"end":{"line":101,"column":96},"skip":true},"28":{"start":{"line":103,"column":16},"end":{"line":103,"column":22},"skip":true},"29":{"start":{"line":106,"column":16},"end":{"line":106,"column":22},"skip":true},"30":{"start":{"line":108,"column":12},"end":{"line":120,"column":13},"skip":true},"31":{"start":{"line":114,"column":16},"end":{"line":119,"column":17},"skip":true},"32":{"start":{"line":116,"column":20},"end":{"line":116,"column":78},"skip":true},"33":{"start":{"line":118,"column":20},"end":{"line":118,"column":47},"skip":true},"34":{"start":{"line":123,"column":8},"end":{"line":141,"column":11},"skip":true},"35":{"start":{"line":124,"column":12},"end":{"line":124,"column":54},"skip":true},"36":{"start":{"line":125,"column":12},"end":{"line":140,"column":14},"skip":true},"37":{"start":{"line":126,"column":16},"end":{"line":126,"column":28},"skip":true},"38":{"start":{"line":127,"column":16},"end":{"line":127,"column":69},"skip":true},"39":{"start":{"line":128,"column":16},"end":{"line":128,"column":75},"skip":true},"40":{"start":{"line":129,"column":16},"end":{"line":131,"column":17},"skip":true},"41":{"start":{"line":130,"column":20},"end":{"line":130,"column":27},"skip":true},"42":{"start":{"line":133,"column":16},"end":{"line":137,"column":36},"skip":true},"43":{"start":{"line":134,"column":20},"end":{"line":136,"column":55},"skip":true},"44":{"start":{"line":139,"column":16},"end":{"line":139,"column":57},"skip":true},"45":{"start":{"line":143,"column":8},"end":{"line":147,"column":11},"skip":true},"46":{"start":{"line":144,"column":12},"end":{"line":146,"column":15},"skip":true},"47":{"start":{"line":145,"column":16},"end":{"line":145,"column":70},"skip":true},"48":{"start":{"line":149,"column":8},"end":{"line":149,"column":31},"skip":true},"49":{"start":{"line":150,"column":8},"end":{"line":150,"column":14},"skip":true},"50":{"start":{"line":158,"column":8},"end":{"line":158,"column":31},"skip":true},"51":{"start":{"line":160,"column":8},"end":{"line":160,"column":33},"skip":true},"52":{"start":{"line":161,"column":8},"end":{"line":161,"column":37},"skip":true},"53":{"start":{"line":162,"column":8},"end":{"line":162,"column":35},"skip":true},"54":{"start":{"line":164,"column":8},"end":{"line":164,"column":50},"skip":true},"55":{"start":{"line":166,"column":8},"end":{"line":256,"column":2},"skip":true},"56":{"start":{"line":258,"column":8},"end":{"line":286,"column":9},"skip":true},"57":{"start":{"line":259,"column":12},"end":{"line":269,"column":14},"skip":true},"58":{"start":{"line":271,"column":12},"end":{"line":285,"column":19},"skip":true},"59":{"start":{"line":274,"column":20},"end":{"line":274,"column":35},"skip":true},"60":{"start":{"line":275,"column":20},"end":{"line":284,"column":21},"skip":true},"61":{"start":{"line":277,"column":24},"end":{"line":277,"column":64},"skip":true},"62":{"start":{"line":279,"column":24},"end":{"line":279,"column":40},"skip":true},"63":{"start":{"line":281,"column":24},"end":{"line":281,"column":40},"skip":true},"64":{"start":{"line":283,"column":24},"end":{"line":283,"column":39},"skip":true},"65":{"start":{"line":288,"column":8},"end":{"line":290,"column":9},"skip":true},"66":{"start":{"line":289,"column":12},"end":{"line":289,"column":18},"skip":true},"67":{"start":{"line":291,"column":8},"end":{"line":293,"column":54},"skip":true},"68":{"start":{"line":296,"column":8},"end":{"line":301,"column":37},"skip":true},"69":{"start":{"line":303,"column":8},"end":{"line":303,"column":82},"skip":true},"70":{"start":{"line":306,"column":8},"end":{"line":308,"column":9},"skip":true},"71":{"start":{"line":307,"column":12},"end":{"line":307,"column":82},"skip":true},"72":{"start":{"line":310,"column":8},"end":{"line":312,"column":9},"skip":true},"73":{"start":{"line":311,"column":12},"end":{"line":311,"column":18},"skip":true},"74":{"start":{"line":313,"column":8},"end":{"line":313,"column":54},"skip":true},"75":{"start":{"line":314,"column":8},"end":{"line":314,"column":69},"skip":true},"76":{"start":{"line":315,"column":8},"end":{"line":323,"column":36},"skip":true},"77":{"start":{"line":316,"column":12},"end":{"line":316,"column":61},"skip":true},"78":{"start":{"line":317,"column":12},"end":{"line":320,"column":13},"skip":true},"79":{"start":{"line":318,"column":16},"end":{"line":318,"column":75},"skip":true},"80":{"start":{"line":319,"column":16},"end":{"line":319,"column":23},"skip":true},"81":{"start":{"line":321,"column":12},"end":{"line":321,"column":38},"skip":true},"82":{"start":{"line":322,"column":12},"end":{"line":322,"column":27},"skip":true},"83":{"start":{"line":324,"column":8},"end":{"line":324,"column":14},"skip":true}},"branchMap":{"1":{"line":39,"type":"binary-expr","locations":[{"start":{"line":39,"column":23},"end":{"line":39,"column":62}},{"start":{"line":40,"column":20},"end":{"line":40,"column":70}},{"start":{"line":41,"column":20},"end":{"line":41,"column":71}},{"start":{"line":42,"column":20},"end":{"line":42,"column":29}}]},"2":{"line":44,"type":"binary-expr","locations":[{"start":{"line":44,"column":23},"end":{"line":44,"column":37}},{"start":{"line":45,"column":20},"end":{"line":45,"column":61}},{"start":{"line":46,"column":20},"end":{"line":46,"column":70}},{"start":{"line":47,"column":20},"end":{"line":47,"column":26}}]},"3":{"line":51,"type":"cond-expr","locations":[{"start":{"line":52,"column":14},"end":{"line":52,"column":20}},{"start":{"line":53,"column":14},"end":{"line":53,"column":20}}]},"4":{"line":55,"type":"binary-expr","locations":[{"start":{"line":55,"column":16},"end":{"line":55,"column":44}},{"start":{"line":55,"column":49},"end":{"line":57,"column":43}}]},"5":{"line":55,"type":"cond-expr","locations":[{"start":{"line":56,"column":14},"end":{"line":56,"column":60}},{"start":{"line":57,"column":14},"end":{"line":57,"column":43}}]},"6":{"line":61,"type":"switch","locations":[{"start":{"line":68,"column":4},"end":{"line":150,"column":14},"skip":true},{"start":{"line":156,"column":4},"end":{"line":324,"column":14},"skip":true}]},"7":{"line":70,"type":"if","locations":[{"start":{"line":70,"column":12},"end":{"line":70,"column":12},"skip":true},{"start":{"line":70,"column":12},"end":{"line":70,"column":12},"skip":true}]},"8":{"line":70,"type":"binary-expr","locations":[{"start":{"line":70,"column":16},"end":{"line":70,"column":22},"skip":true},{"start":{"line":70,"column":27},"end":{"line":70,"column":32},"skip":true},{"start":{"line":71,"column":20},"end":{"line":71,"column":39},"skip":true},{"start":{"line":72,"column":20},"end":{"line":72,"column":49},"skip":true},{"start":{"line":73,"column":20},"end":{"line":73,"column":58},"skip":true},{"start":{"line":74,"column":20},"end":{"line":74,"column":69},"skip":true}]},"9":{"line":79,"type":"switch","locations":[{"start":{"line":80,"column":20},"end":{"line":80,"column":33},"skip":true},{"start":{"line":81,"column":20},"end":{"line":83,"column":30},"skip":true},{"start":{"line":84,"column":20},"end":{"line":85,"column":49},"skip":true}]},"10":{"line":89,"type":"switch","locations":[{"start":{"line":90,"column":12},"end":{"line":103,"column":22},"skip":true},{"start":{"line":105,"column":12},"end":{"line":106,"column":22},"skip":true}]},"11":{"line":89,"type":"binary-expr","locations":[{"start":{"line":89,"column":20},"end":{"line":89,"column":25},"skip":true},{"start":{"line":89,"column":29},"end":{"line":89,"column":48},"skip":true},{"start":{"line":89,"column":52},"end":{"line":89,"column":74},"skip":true}]},"12":{"line":92,"type":"if","locations":[{"start":{"line":92,"column":16},"end":{"line":92,"column":16},"skip":true},{"start":{"line":92,"column":16},"end":{"line":92,"column":16},"skip":true}]},"13":{"line":108,"type":"if","locations":[{"start":{"line":108,"column":12},"end":{"line":108,"column":12},"skip":true},{"start":{"line":108,"column":12},"end":{"line":108,"column":12},"skip":true}]},"14":{"line":108,"type":"binary-expr","locations":[{"start":{"line":108,"column":16},"end":{"line":108,"column":61},"skip":true},{"start":{"line":108,"column":66},"end":{"line":108,"column":72},"skip":true},{"start":{"line":108,"column":77},"end":{"line":108,"column":82},"skip":true},{"start":{"line":109,"column":20},"end":{"line":109,"column":39},"skip":true},{"start":{"line":110,"column":20},"end":{"line":110,"column":49},"skip":true},{"start":{"line":111,"column":20},"end":{"line":111,"column":58},"skip":true},{"start":{"line":112,"column":20},"end":{"line":112,"column":68},"skip":true}]},"15":{"line":129,"type":"if","locations":[{"start":{"line":129,"column":16},"end":{"line":129,"column":16},"skip":true},{"start":{"line":129,"column":16},"end":{"line":129,"column":16},"skip":true}]},"16":{"line":134,"type":"cond-expr","locations":[{"start":{"line":135,"column":26},"end":{"line":135,"column":29},"skip":true},{"start":{"line":136,"column":26},"end":{"line":136,"column":54},"skip":true}]},"17":{"line":164,"type":"binary-expr","locations":[{"start":{"line":164,"column":27},"end":{"line":164,"column":43},"skip":true},{"start":{"line":164,"column":47},"end":{"line":164,"column":49},"skip":true}]},"18":{"line":258,"type":"if","locations":[{"start":{"line":258,"column":8},"end":{"line":258,"column":8},"skip":true},{"start":{"line":258,"column":8},"end":{"line":258,"column":8},"skip":true}]},"19":{"line":275,"type":"switch","locations":[{"start":{"line":276,"column":20},"end":{"line":277,"column":64},"skip":true},{"start":{"line":278,"column":20},"end":{"line":279,"column":40},"skip":true},{"start":{"line":280,"column":20},"end":{"line":281,"column":40},"skip":true},{"start":{"line":282,"column":20},"end":{"line":283,"column":39},"skip":true}]},"20":{"line":288,"type":"if","locations":[{"start":{"line":288,"column":8},"end":{"line":288,"column":8},"skip":true},{"start":{"line":288,"column":8},"end":{"line":288,"column":8},"skip":true}]},"21":{"line":288,"type":"binary-expr","locations":[{"start":{"line":288,"column":12},"end":{"line":288,"column":40},"skip":true},{"start":{"line":288,"column":44},"end":{"line":288,"column":67},"skip":true}]},"22":{"line":292,"type":"binary-expr","locations":[{"start":{"line":292,"column":12},"end":{"line":292,"column":50},"skip":true},{"start":{"line":293,"column":12},"end":{"line":293,"column":53},"skip":true}]},"23":{"line":297,"type":"binary-expr","locations":[{"start":{"line":297,"column":12},"end":{"line":297,"column":74},"skip":true},{"start":{"line":298,"column":12},"end":{"line":301,"column":36},"skip":true}]},"24":{"line":303,"type":"binary-expr","locations":[{"start":{"line":303,"column":43},"end":{"line":303,"column":75},"skip":true},{"start":{"line":303,"column":79},"end":{"line":303,"column":81},"skip":true}]},"25":{"line":306,"type":"if","locations":[{"start":{"line":306,"column":8},"end":{"line":306,"column":8},"skip":true},{"start":{"line":306,"column":8},"end":{"line":306,"column":8},"skip":true}]},"26":{"line":310,"type":"if","locations":[{"start":{"line":310,"column":8},"end":{"line":310,"column":8},"skip":true},{"start":{"line":310,"column":8},"end":{"line":310,"column":8},"skip":true}]},"27":{"line":313,"type":"binary-expr","locations":[{"start":{"line":313,"column":27},"end":{"line":313,"column":43},"skip":true},{"start":{"line":313,"column":47},"end":{"line":313,"column":53},"skip":true}]},"28":{"line":317,"type":"if","locations":[{"start":{"line":317,"column":12},"end":{"line":317,"column":12},"skip":true},{"start":{"line":317,"column":12},"end":{"line":317,"column":12},"skip":true}]}},"code":["/*","example.js","","quickstart example","","instruction","    1. save this script as example.js","    2. run the shell command:","        $ npm install npmtest-angular-sanitize && PORT=8081 node example.js","    3. play with the browser-demo on http://127.0.0.1:8081","*/","","","","/* istanbul instrument in package npmtest_angular_sanitize */","/*jslint","    bitwise: true,","    browser: true,","    maxerr: 8,","    maxlen: 96,","    node: true,","    nomen: true,","    regexp: true,","    stupid: true","*/","(function () {","    'use strict';","    var local;","","","","    // run shared js-env code - init-before","    (function () {","        // init local","        local = {};","        // init modeJs","        local.modeJs = (function () {","            try {","                return typeof navigator.userAgent === 'string' &&","                    typeof document.querySelector('body') === 'object' &&","                    typeof XMLHttpRequest.prototype.open === 'function' &&","                    'browser';","            } catch (errorCaughtBrowser) {","                return module.exports &&","                    typeof process.versions.node === 'string' &&","                    typeof require('http').createServer === 'function' &&","                    'node';","            }","        }());","        // init global","        local.global = local.modeJs === 'browser'","            ? window","            : global;","        // init utility2_rollup","        local = local.global.utility2_rollup || (local.modeJs === 'browser'","            ? local.global.utility2_npmtest_angular_sanitize","            : global.utility2_moduleExports);","        // export local","        local.global.local = local;","    }());","    switch (local.modeJs) {","","","","    // init-after","    // run browser js-env code - init-after","    /* istanbul ignore next */","    case 'browser':","        local.testRunBrowser = function (event) {","            if (!event || (event &&","                    event.currentTarget &&","                    event.currentTarget.className &&","                    event.currentTarget.className.includes &&","                    event.currentTarget.className.includes('onreset'))) {","                // reset output","                Array.from(","                    document.querySelectorAll('body > .resettable')","                ).forEach(function (element) {","                    switch (element.tagName) {","                    case 'INPUT':","                    case 'TEXTAREA':","                        element.value = '';","                        break;","                    default:","                        element.textContent = '';","                    }","                });","            }","            switch (event && event.currentTarget && event.currentTarget.id) {","            case 'testRunButton1':","                // show tests","                if (document.querySelector('#testReportDiv1').style.display === 'none') {","                    document.querySelector('#testReportDiv1').style.display = 'block';","                    document.querySelector('#testRunButton1').textContent =","                        'hide internal test';","                    local.modeTest = true;","                    local.testRunDefault(local);","                // hide tests","                } else {","                    document.querySelector('#testReportDiv1').style.display = 'none';","                    document.querySelector('#testRunButton1').textContent = 'run internal test';","                }","                break;","            // custom-case","            default:","                break;","            }","            if (document.querySelector('#inputTextareaEval1') && (!event || (event &&","                    event.currentTarget &&","                    event.currentTarget.className &&","                    event.currentTarget.className.includes &&","                    event.currentTarget.className.includes('oneval')))) {","                // try to eval input-code","                try {","                    /*jslint evil: true*/","                    eval(document.querySelector('#inputTextareaEval1').value);","                } catch (errorCaught) {","                    console.error(errorCaught);","                }","            }","        };","        // log stderr and stdout to #outputTextareaStdout1","        ['error', 'log'].forEach(function (key) {","            console[key + '_original'] = console[key];","            console[key] = function () {","                var element;","                console[key + '_original'].apply(console, arguments);","                element = document.querySelector('#outputTextareaStdout1');","                if (!element) {","                    return;","                }","                // append text to #outputTextareaStdout1","                element.value += Array.from(arguments).map(function (arg) {","                    return typeof arg === 'string'","                        ? arg","                        : JSON.stringify(arg, null, 4);","                }).join(' ') + '\\n';","                // scroll textarea to bottom","                element.scrollTop = element.scrollHeight;","            };","        });","        // init event-handling","        ['change', 'click', 'keyup'].forEach(function (event) {","            Array.from(document.querySelectorAll('.on' + event)).forEach(function (element) {","                element.addEventListener(event, local.testRunBrowser);","            });","        });","        // run tests","        local.testRunBrowser();","        break;","","","","    // run node js-env code - init-after","    /* istanbul ignore next */","    case 'node':","        // export local","        module.exports = local;","        // require modules","        local.fs = require('fs');","        local.http = require('http');","        local.url = require('url');","        // init assets","        local.assetsDict = local.assetsDict || {};","        /* jslint-ignore-begin */","        local.assetsDict['/assets.index.template.html'] = '\\","<!doctype html>\\n\\","<html lang=\"en\">\\n\\","<head>\\n\\","<meta charset=\"UTF-8\">\\n\\","<meta name=\"viewport\" content=\"width=device-width, initial-scale=1\">\\n\\","<title>{{env.npm_package_name}} (v{{env.npm_package_version}})</title>\\n\\","<style>\\n\\","/*csslint\\n\\","    box-sizing: false,\\n\\","    universal-selector: false\\n\\","*/\\n\\","* {\\n\\","    box-sizing: border-box;\\n\\","}\\n\\","body {\\n\\","    background: #dde;\\n\\","    font-family: Arial, Helvetica, sans-serif;\\n\\","    margin: 2rem;\\n\\","}\\n\\","body > * {\\n\\","    margin-bottom: 1rem;\\n\\","}\\n\\",".utility2FooterDiv {\\n\\","    margin-top: 20px;\\n\\","    text-align: center;\\n\\","}\\n\\","</style>\\n\\","<style>\\n\\","/*csslint\\n\\","*/\\n\\","textarea {\\n\\","    font-family: monospace;\\n\\","    height: 10rem;\\n\\","    width: 100%;\\n\\","}\\n\\","textarea[readonly] {\\n\\","    background: #ddd;\\n\\","}\\n\\","</style>\\n\\","</head>\\n\\","<body>\\n\\","<!-- utility2-comment\\n\\","<div id=\"ajaxProgressDiv1\" style=\"background: #d00; height: 2px; left: 0; margin: 0; padding: 0; position: fixed; top: 0; transition: background 0.5s, width 1.5s; width: 25%;\"></div>\\n\\","utility2-comment -->\\n\\","<h1>\\n\\","<!-- utility2-comment\\n\\","    <a\\n\\","        {{#if env.npm_package_homepage}}\\n\\","        href=\"{{env.npm_package_homepage}}\"\\n\\","        {{/if env.npm_package_homepage}}\\n\\","        target=\"_blank\"\\n\\","    >\\n\\","utility2-comment -->\\n\\","        {{env.npm_package_name}} (v{{env.npm_package_version}})\\n\\","<!-- utility2-comment\\n\\","    </a>\\n\\","utility2-comment -->\\n\\","</h1>\\n\\","<h3>{{env.npm_package_description}}</h3>\\n\\","<!-- utility2-comment\\n\\","<h4><a download href=\"assets.app.js\">download standalone app</a></h4>\\n\\","<button class=\"onclick onreset\" id=\"testRunButton1\">run internal test</button><br>\\n\\","<div id=\"testReportDiv1\" style=\"display: none;\"></div>\\n\\","utility2-comment -->\\n\\","\\n\\","\\n\\","\\n\\","<label>stderr and stdout</label>\\n\\","<textarea class=\"resettable\" id=\"outputTextareaStdout1\" readonly></textarea>\\n\\","<!-- utility2-comment\\n\\","{{#if isRollup}}\\n\\","<script src=\"assets.app.js\"></script>\\n\\","{{#unless isRollup}}\\n\\","utility2-comment -->\\n\\","<script src=\"assets.utility2.rollup.js\"></script>\\n\\","<script src=\"jsonp.utility2._stateInit?callback=window.utility2._stateInit\"></script>\\n\\","<script src=\"assets.npmtest_angular_sanitize.rollup.js\"></script>\\n\\","<script src=\"assets.example.js\"></script>\\n\\","<script src=\"assets.test.js\"></script>\\n\\","<!-- utility2-comment\\n\\","{{/if isRollup}}\\n\\","utility2-comment -->\\n\\","<div class=\"utility2FooterDiv\">\\n\\","    [ this app was created with\\n\\","    <a href=\"https://github.com/kaizhu256/node-utility2\" target=\"_blank\">utility2</a>\\n\\","    ]\\n\\","</div>\\n\\","</body>\\n\\","</html>\\n\\","';","        /* jslint-ignore-end */","        if (local.templateRender) {","            local.assetsDict['/'] = local.templateRender(","                local.assetsDict['/assets.index.template.html'],","                {","                    env: local.objectSetDefault(local.env, {","                        npm_package_description: 'the greatest app in the world!',","                        npm_package_name: 'my-app',","                        npm_package_nameAlias: 'my_app',","                        npm_package_version: '0.0.1'","                    })","                }","            );","        } else {","            local.assetsDict['/'] = local.assetsDict['/assets.index.template.html']","                .replace((/\\{\\{env\\.(\\w+?)\\}\\}/g), function (match0, match1) {","                    // jslint-hack","                    String(match0);","                    switch (match1) {","                    case 'npm_package_description':","                        return 'the greatest app in the world!';","                    case 'npm_package_name':","                        return 'my-app';","                    case 'npm_package_nameAlias':","                        return 'my_app';","                    case 'npm_package_version':","                        return '0.0.1';","                    }","                });","        }","        // run the cli","        if (local.global.utility2_rollup || module !== require.main) {","            break;","        }","        local.assetsDict['/assets.example.js'] =","            local.assetsDict['/assets.example.js'] ||","            local.fs.readFileSync(__filename, 'utf8');","        // bug-workaround - long $npm_package_buildCustomOrg","        /* jslint-ignore-begin */","        local.assetsDict['/assets.npmtest_angular_sanitize.rollup.js'] =","            local.assetsDict['/assets.npmtest_angular_sanitize.rollup.js'] ||","            local.fs.readFileSync(","                local.npmtest_angular_sanitize.__dirname + '/lib.npmtest_angular_sanitize.js',","                'utf8'","            ).replace((/^#!/), '//');","        /* jslint-ignore-end */","        local.assetsDict['/favicon.ico'] = local.assetsDict['/favicon.ico'] || '';","        // if $npm_config_timeout_exit exists,","        // then exit this process after $npm_config_timeout_exit ms","        if (Number(process.env.npm_config_timeout_exit)) {","            setTimeout(process.exit, Number(process.env.npm_config_timeout_exit));","        }","        // start server","        if (local.global.utility2_serverHttp1) {","            break;","        }","        process.env.PORT = process.env.PORT || '8081';","        console.error('server starting on port ' + process.env.PORT);","        local.http.createServer(function (request, response) {","            request.urlParsed = local.url.parse(request.url);","            if (local.assetsDict[request.urlParsed.pathname] !== undefined) {","                response.end(local.assetsDict[request.urlParsed.pathname]);","                return;","            }","            response.statusCode = 404;","            response.end();","        }).listen(process.env.PORT);","        break;","    }","}());",""],"l":{"26":2,"28":2,"33":2,"35":2,"37":2,"38":2,"39":2,"44":1,"51":2,"55":2,"59":2,"61":2,"69":1,"70":2,"76":2,"79":2,"82":2,"83":2,"85":1,"89":2,"92":1,"93":1,"94":1,"96":1,"97":1,"100":1,"101":1,"103":1,"106":1,"108":2,"114":1,"116":1,"118":1,"123":1,"124":2,"125":2,"126":3,"127":3,"128":3,"129":3,"130":1,"133":3,"134":3,"139":3,"143":1,"144":3,"145":1,"149":1,"150":1,"158":1,"160":1,"161":1,"162":1,"164":1,"166":1,"258":1,"259":1,"271":1,"274":6,"275":6,"277":1,"279":2,"281":1,"283":2,"288":1,"289":1,"291":1,"296":1,"303":1,"306":1,"307":1,"310":1,"311":1,"313":1,"314":1,"315":1,"316":1,"317":1,"318":1,"319":1,"321":1,"322":1,"324":1}},"/home/travis/build/npmtest/node-npmtest-angular-sanitize/node_modules/angular-sanitize/index.js":{"path":"/home/travis/build/npmtest/node-npmtest-angular-sanitize/node_modules/angular-sanitize/index.js","s":{"1":2,"2":0},"b":{},"f":{},"fnMap":{},"statementMap":{"1":{"start":{"line":1,"column":0},"end":{"line":1,"column":30}},"2":{"start":{"line":2,"column":0},"end":{"line":2,"column":30}}},"branchMap":{},"code":["require('./angular-sanitize');","module.exports = 'ngSanitize';",""],"l":{"1":2,"2":0}},"/home/travis/build/npmtest/node-npmtest-angular-sanitize/node_modules/angular-sanitize/angular-sanitize.js":{"path":"/home/travis/build/npmtest/node-npmtest-angular-sanitize/node_modules/angular-sanitize/angular-sanitize.js","s":{"1":4,"2":0,"3":0,"4":0,"5":0,"6":0,"7":0,"8":0,"9":0,"10":0,"11":0,"12":1,"13":0,"14":0,"15":0,"16":0,"17":0,"18":0,"19":0,"20":0,"21":0,"22":0,"23":0,"24":0,"25":0,"26":0,"27":0,"28":0,"29":0,"30":0,"31":0,"32":0,"33":0,"34":0,"35":0,"36":0,"37":0,"38":0,"39":0,"40":0,"41":0,"42":0,"43":0,"44":0,"45":0,"46":0,"47":0,"48":0,"49":1,"50":0,"51":0,"52":0,"53":0,"54":0,"55":0,"56":0,"57":0,"58":0,"59":0,"60":0,"61":0,"62":0,"63":0,"64":0,"65":0,"66":0,"67":0,"68":1,"69":0,"70":0,"71":0,"72":0,"73":0,"74":0,"75":0,"76":0,"77":0,"78":0,"79":0,"80":0,"81":0,"82":0,"83":0,"84":0,"85":0,"86":0,"87":0,"88":0,"89":0,"90":0,"91":0,"92":0,"93":0,"94":0,"95":0,"96":0,"97":0,"98":0,"99":0,"100":0,"101":0,"102":0,"103":0,"104":0,"105":0,"106":1,"107":0,"108":0,"109":0,"110":0,"111":0,"112":1,"113":0,"114":0,"115":0,"116":0,"117":0,"118":1,"119":0,"120":0,"121":0,"122":0,"123":0,"124":0,"125":0,"126":0,"127":0,"128":0,"129":0,"130":0,"131":0,"132":0,"133":0,"134":0,"135":0,"136":0,"137":0,"138":0,"139":0,"140":0,"141":0,"142":0,"143":0,"144":0,"145":0,"146":0,"147":1,"148":0,"149":0,"150":0,"151":0,"152":0,"153":0,"154":0,"155":0,"156":0,"157":0,"158":0,"159":0,"160":0,"161":0,"162":1,"163":0,"164":0,"165":0,"166":0,"167":1,"168":0,"169":0,"170":0,"171":0,"172":0,"173":0,"174":0,"175":0,"176":0,"177":0,"178":0,"179":0,"180":0,"181":0,"182":0,"183":0,"184":0,"185":0,"186":0,"187":0,"188":0,"189":0,"190":0,"191":0,"192":0,"193":0,"194":0,"195":0,"196":0,"197":0,"198":0,"199":0,"200":0,"201":0,"202":0,"203":1,"204":0,"205":0,"206":0,"207":1,"208":0,"209":0,"210":0,"211":0,"212":0,"213":0,"214":0,"215":0,"216":0},"b":{"1":[0,0],"2":[0,0],"3":[0,0],"4":[0,0],"5":[0,0],"6":[0,0],"7":[0,0],"8":[0,0],"9":[0,0],"10":[0,0],"11":[0,0],"12":[0,0],"13":[0,0],"14":[0,0],"15":[0,0],"16":[0,0],"17":[0,0],"18":[0,0],"19":[0,0],"20":[0,0],"21":[0,0],"22":[0,0],"23":[0,0],"24":[0,0,0],"25":[0,0],"26":[0,0,0],"27":[0,0],"28":[0,0,0],"29":[0,0],"30":[0,0],"31":[0,0],"32":[0,0],"33":[0,0],"34":[0,0],"35":[0,0],"36":[0,0],"37":[0,0],"38":[0,0],"39":[0,0],"40":[0,0],"41":[0,0],"42":[0,0],"43":[0,0],"44":[0,0],"45":[0,0],"46":[0,0],"47":[0,0],"48":[0,0]},"f":{"1":0,"2":0,"3":0,"4":0,"5":0,"6":0,"7":0,"8":0,"9":0,"10":0,"11":0,"12":0,"13":0,"14":0,"15":0,"16":0,"17":0,"18":0,"19":0,"20":0,"21":0,"22":0,"23":0,"24":0,"25":0,"26":0,"27":0,"28":0},"fnMap":{"1":{"name":"(anonymous_1)","line":6,"loc":{"start":{"line":6,"column":1},"end":{"line":6,"column":27}}},"2":{"name":"$SanitizeProvider","line":157,"loc":{"start":{"line":157,"column":0},"end":{"line":157,"column":29}}},"3":{"name":"(anonymous_3)","line":160,"loc":{"start":{"line":160,"column":32},"end":{"line":160,"column":56}}},"4":{"name":"(anonymous_4)","line":164,"loc":{"start":{"line":164,"column":11},"end":{"line":164,"column":26}}},"5":{"name":"(anonymous_5)","line":166,"loc":{"start":{"line":166,"column":47},"end":{"line":166,"column":70}}},"6":{"name":"(anonymous_6)","line":204,"loc":{"start":{"line":204,"column":19},"end":{"line":204,"column":39}}},"7":{"name":"(anonymous_7)","line":227,"loc":{"start":{"line":227,"column":64},"end":{"line":227,"column":78}}},"8":{"name":"toMap","line":313,"loc":{"start":{"line":313,"column":2},"end":{"line":313,"column":37}}},"9":{"name":"(anonymous_9)","line":322,"loc":{"start":{"line":322,"column":3},"end":{"line":322,"column":20}}},"10":{"name":"htmlParserImpl","line":355,"loc":{"start":{"line":355,"column":2},"end":{"line":355,"column":41}}},"11":{"name":"attrToMap","line":415,"loc":{"start":{"line":415,"column":2},"end":{"line":415,"column":28}}},"12":{"name":"encodeEntities","line":432,"loc":{"start":{"line":432,"column":2},"end":{"line":432,"column":33}}},"13":{"name":"(anonymous_13)","line":435,"loc":{"start":{"line":435,"column":37},"end":{"line":435,"column":53}}},"14":{"name":"(anonymous_14)","line":440,"loc":{"start":{"line":440,"column":39},"end":{"line":440,"column":55}}},"15":{"name":"htmlSanitizeWriterImpl","line":457,"loc":{"start":{"line":457,"column":2},"end":{"line":457,"column":53}}},"16":{"name":"(anonymous_16)","line":461,"loc":{"start":{"line":461,"column":13},"end":{"line":461,"column":34}}},"17":{"name":"(anonymous_17)","line":469,"loc":{"start":{"line":469,"column":25},"end":{"line":469,"column":46}}},"18":{"name":"(anonymous_18)","line":484,"loc":{"start":{"line":484,"column":11},"end":{"line":484,"column":25}}},"19":{"name":"(anonymous_19)","line":496,"loc":{"start":{"line":496,"column":13},"end":{"line":496,"column":29}}},"20":{"name":"stripCustomNsAttrs","line":512,"loc":{"start":{"line":512,"column":2},"end":{"line":512,"column":36}}},"21":{"name":"getNonDescendant","line":536,"loc":{"start":{"line":536,"column":2},"end":{"line":536,"column":44}}},"22":{"name":"sanitizeText","line":546,"loc":{"start":{"line":546,"column":0},"end":{"line":546,"column":29}}},"23":{"name":"(anonymous_23)","line":686,"loc":{"start":{"line":686,"column":59},"end":{"line":686,"column":79}}},"24":{"name":"(anonymous_24)","line":697,"loc":{"start":{"line":697,"column":9},"end":{"line":697,"column":44}}},"25":{"name":"getAttributesObject","line":703,"loc":{"start":{"line":703,"column":29},"end":{"line":703,"column":60}}},"26":{"name":"getEmptyAttributesObject","line":704,"loc":{"start":{"line":704,"column":6},"end":{"line":704,"column":42}}},"27":{"name":"addText","line":726,"loc":{"start":{"line":726,"column":4},"end":{"line":726,"column":27}}},"28":{"name":"addLink","line":733,"loc":{"start":{"line":733,"column":4},"end":{"line":733,"column":32}}}},"statementMap":{"1":{"start":{"line":6,"column":0},"end":{"line":756,"column":27}},"2":{"start":{"line":19,"column":0},"end":{"line":19,"column":52}},"3":{"start":{"line":20,"column":0},"end":{"line":20,"column":9}},"4":{"start":{"line":21,"column":0},"end":{"line":21,"column":11}},"5":{"start":{"line":22,"column":0},"end":{"line":22,"column":12}},"6":{"start":{"line":23,"column":0},"end":{"line":23,"column":14}},"7":{"start":{"line":24,"column":0},"end":{"line":24,"column":14}},"8":{"start":{"line":25,"column":0},"end":{"line":25,"column":9}},"9":{"start":{"line":26,"column":0},"end":{"line":26,"column":17}},"10":{"start":{"line":27,"column":0},"end":{"line":27,"column":15}},"11":{"start":{"line":28,"column":0},"end":{"line":28,"column":23}},"12":{"start":{"line":157,"column":0},"end":{"line":544,"column":1}},"13":{"start":{"line":158,"column":2},"end":{"line":158,"column":25}},"14":{"start":{"line":160,"column":2},"end":{"line":171,"column":5}},"15":{"start":{"line":161,"column":4},"end":{"line":163,"column":5}},"16":{"start":{"line":162,"column":6},"end":{"line":162,"column":41}},"17":{"start":{"line":164,"column":4},"end":{"line":170,"column":6}},"18":{"start":{"line":165,"column":6},"end":{"line":165,"column":19}},"19":{"start":{"line":166,"column":6},"end":{"line":168,"column":10}},"20":{"start":{"line":167,"column":8},"end":{"line":167,"column":61}},"21":{"start":{"line":169,"column":6},"end":{"line":169,"column":26}},"22":{"start":{"line":204,"column":2},"end":{"line":211,"column":4}},"23":{"start":{"line":205,"column":4},"end":{"line":210,"column":5}},"24":{"start":{"line":206,"column":6},"end":{"line":206,"column":29}},"25":{"start":{"line":207,"column":6},"end":{"line":207,"column":18}},"26":{"start":{"line":209,"column":6},"end":{"line":209,"column":24}},"27":{"start":{"line":217,"column":2},"end":{"line":217,"column":22}},"28":{"start":{"line":218,"column":2},"end":{"line":218,"column":26}},"29":{"start":{"line":219,"column":2},"end":{"line":219,"column":28}},"30":{"start":{"line":220,"column":2},"end":{"line":220,"column":32}},"31":{"start":{"line":221,"column":2},"end":{"line":221,"column":32}},"32":{"start":{"line":222,"column":2},"end":{"line":222,"column":22}},"33":{"start":{"line":224,"column":2},"end":{"line":224,"column":30}},"34":{"start":{"line":225,"column":2},"end":{"line":225,"column":46}},"35":{"start":{"line":227,"column":2},"end":{"line":230,"column":4}},"36":{"start":{"line":229,"column":4},"end":{"line":229,"column":54}},"37":{"start":{"line":233,"column":2},"end":{"line":235,"column":45}},"38":{"start":{"line":244,"column":2},"end":{"line":244,"column":53}},"39":{"start":{"line":248,"column":2},"end":{"line":252,"column":75}},"40":{"start":{"line":255,"column":2},"end":{"line":257,"column":75}},"41":{"start":{"line":260,"column":2},"end":{"line":262,"column":66}},"42":{"start":{"line":268,"column":2},"end":{"line":270,"column":66}},"43":{"start":{"line":273,"column":2},"end":{"line":273,"column":46}},"44":{"start":{"line":275,"column":2},"end":{"line":279,"column":61}},"45":{"start":{"line":282,"column":2},"end":{"line":282,"column":71}},"46":{"start":{"line":284,"column":2},"end":{"line":288,"column":35}},"47":{"start":{"line":292,"column":2},"end":{"line":306,"column":91}},"48":{"start":{"line":308,"column":2},"end":{"line":311,"column":45}},"49":{"start":{"line":313,"column":2},"end":{"line":319,"column":3}},"50":{"start":{"line":314,"column":4},"end":{"line":314,"column":44}},"51":{"start":{"line":315,"column":4},"end":{"line":317,"column":5}},"52":{"start":{"line":316,"column":6},"end":{"line":316,"column":65}},"53":{"start":{"line":318,"column":4},"end":{"line":318,"column":15}},"54":{"start":{"line":321,"column":2},"end":{"line":321,"column":23}},"55":{"start":{"line":322,"column":2},"end":{"line":341,"column":13}},"56":{"start":{"line":323,"column":4},"end":{"line":323,"column":12}},"57":{"start":{"line":324,"column":4},"end":{"line":328,"column":5}},"58":{"start":{"line":325,"column":6},"end":{"line":325,"column":71}},"59":{"start":{"line":327,"column":6},"end":{"line":327,"column":79}},"60":{"start":{"line":329,"column":4},"end":{"line":329,"column":69}},"61":{"start":{"line":330,"column":4},"end":{"line":330,"column":63}},"62":{"start":{"line":333,"column":4},"end":{"line":340,"column":5}},"63":{"start":{"line":334,"column":6},"end":{"line":334,"column":41}},"64":{"start":{"line":336,"column":6},"end":{"line":336,"column":43}},"65":{"start":{"line":337,"column":6},"end":{"line":337,"column":51}},"66":{"start":{"line":338,"column":6},"end":{"line":338,"column":41}},"67":{"start":{"line":339,"column":6},"end":{"line":339,"column":28}},"68":{"start":{"line":355,"column":2},"end":{"line":413,"column":3}},"69":{"start":{"line":356,"column":4},"end":{"line":360,"column":5}},"70":{"start":{"line":357,"column":6},"end":{"line":357,"column":16}},"71":{"start":{"line":358,"column":11},"end":{"line":360,"column":5}},"72":{"start":{"line":359,"column":6},"end":{"line":359,"column":23}},"73":{"start":{"line":361,"column":4},"end":{"line":361,"column":38}},"74":{"start":{"line":364,"column":4},"end":{"line":364,"column":25}},"75":{"start":{"line":365,"column":4},"end":{"line":377,"column":50}},"76":{"start":{"line":366,"column":6},"end":{"line":368,"column":7}},"77":{"start":{"line":367,"column":8},"end":{"line":367,"column":97}},"78":{"start":{"line":369,"column":6},"end":{"line":369,"column":21}},"79":{"start":{"line":372,"column":6},"end":{"line":374,"column":7}},"80":{"start":{"line":373,"column":8},"end":{"line":373,"column":45}},"81":{"start":{"line":375,"column":6},"end":{"line":375,"column":40}},"82":{"start":{"line":376,"column":6},"end":{"line":376,"column":40}},"83":{"start":{"line":379,"column":4},"end":{"line":379,"column":43}},"84":{"start":{"line":380,"column":4},"end":{"line":408,"column":5}},"85":{"start":{"line":381,"column":6},"end":{"line":388,"column":7}},"86":{"start":{"line":383,"column":10},"end":{"line":383,"column":81}},"87":{"start":{"line":384,"column":10},"end":{"line":384,"column":16}},"88":{"start":{"line":386,"column":10},"end":{"line":386,"column":42}},"89":{"start":{"line":387,"column":10},"end":{"line":387,"column":16}},"90":{"start":{"line":390,"column":6},"end":{"line":390,"column":19}},"91":{"start":{"line":391,"column":6},"end":{"line":406,"column":7}},"92":{"start":{"line":392,"column":8},"end":{"line":394,"column":9}},"93":{"start":{"line":393,"column":10},"end":{"line":393,"column":51}},"94":{"start":{"line":395,"column":8},"end":{"line":395,"column":57}},"95":{"start":{"line":396,"column":8},"end":{"line":405,"column":9}},"96":{"start":{"line":397,"column":10},"end":{"line":404,"column":11}},"97":{"start":{"line":398,"column":12},"end":{"line":398,"column":56}},"98":{"start":{"line":399,"column":12},"end":{"line":399,"column":49}},"99":{"start":{"line":399,"column":43},"end":{"line":399,"column":49}},"100":{"start":{"line":400,"column":12},"end":{"line":400,"column":61}},"101":{"start":{"line":401,"column":12},"end":{"line":403,"column":13}},"102":{"start":{"line":402,"column":14},"end":{"line":402,"column":55}},"103":{"start":{"line":407,"column":6},"end":{"line":407,"column":22}},"104":{"start":{"line":410,"column":4},"end":{"line":412,"column":5}},"105":{"start":{"line":411,"column":6},"end":{"line":411,"column":41}},"106":{"start":{"line":415,"column":2},"end":{"line":422,"column":3}},"107":{"start":{"line":416,"column":4},"end":{"line":416,"column":17}},"108":{"start":{"line":417,"column":4},"end":{"line":420,"column":5}},"109":{"start":{"line":418,"column":6},"end":{"line":418,"column":26}},"110":{"start":{"line":419,"column":6},"end":{"line":419,"column":34}},"111":{"start":{"line":421,"column":4},"end":{"line":421,"column":15}},"112":{"start":{"line":432,"column":2},"end":{"line":445,"column":3}},"113":{"start":{"line":433,"column":4},"end":{"line":444,"column":28}},"114":{"start":{"line":436,"column":8},"end":{"line":436,"column":37}},"115":{"start":{"line":437,"column":8},"end":{"line":437,"column":38}},"116":{"start":{"line":438,"column":8},"end":{"line":438,"column":81}},"117":{"start":{"line":441,"column":8},"end":{"line":441,"column":48}},"118":{"start":{"line":457,"column":2},"end":{"line":502,"column":3}},"119":{"start":{"line":458,"column":4},"end":{"line":458,"column":37}},"120":{"start":{"line":459,"column":4},"end":{"line":459,"column":34}},"121":{"start":{"line":460,"column":4},"end":{"line":501,"column":6}},"122":{"start":{"line":462,"column":8},"end":{"line":462,"column":29}},"123":{"start":{"line":463,"column":8},"end":{"line":465,"column":9}},"124":{"start":{"line":464,"column":10},"end":{"line":464,"column":37}},"125":{"start":{"line":466,"column":8},"end":{"line":482,"column":9}},"126":{"start":{"line":467,"column":10},"end":{"line":467,"column":19}},"127":{"start":{"line":468,"column":10},"end":{"line":468,"column":19}},"128":{"start":{"line":469,"column":10},"end":{"line":480,"column":13}},"129":{"start":{"line":470,"column":12},"end":{"line":470,"column":38}},"130":{"start":{"line":471,"column":12},"end":{"line":471,"column":87}},"131":{"start":{"line":472,"column":12},"end":{"line":479,"column":13}},"132":{"start":{"line":474,"column":14},"end":{"line":474,"column":23}},"133":{"start":{"line":475,"column":14},"end":{"line":475,"column":23}},"134":{"start":{"line":476,"column":14},"end":{"line":476,"column":24}},"135":{"start":{"line":477,"column":14},"end":{"line":477,"column":41}},"136":{"start":{"line":478,"column":14},"end":{"line":478,"column":23}},"137":{"start":{"line":481,"column":10},"end":{"line":481,"column":19}},"138":{"start":{"line":485,"column":8},"end":{"line":485,"column":29}},"139":{"start":{"line":486,"column":8},"end":{"line":490,"column":9}},"140":{"start":{"line":487,"column":10},"end":{"line":487,"column":20}},"141":{"start":{"line":488,"column":10},"end":{"line":488,"column":19}},"142":{"start":{"line":489,"column":10},"end":{"line":489,"column":19}},"143":{"start":{"line":492,"column":8},"end":{"line":494,"column":9}},"144":{"start":{"line":493,"column":10},"end":{"line":493,"column":39}},"145":{"start":{"line":497,"column":8},"end":{"line":499,"column":9}},"146":{"start":{"line":498,"column":10},"end":{"line":498,"column":37}},"147":{"start":{"line":512,"column":2},"end":{"line":534,"column":3}},"148":{"start":{"line":513,"column":4},"end":{"line":533,"column":5}},"149":{"start":{"line":514,"column":6},"end":{"line":525,"column":7}},"150":{"start":{"line":515,"column":8},"end":{"line":515,"column":36}},"151":{"start":{"line":516,"column":8},"end":{"line":524,"column":9}},"152":{"start":{"line":517,"column":10},"end":{"line":517,"column":34}},"153":{"start":{"line":518,"column":10},"end":{"line":518,"column":53}},"154":{"start":{"line":519,"column":10},"end":{"line":523,"column":11}},"155":{"start":{"line":520,"column":12},"end":{"line":520,"column":47}},"156":{"start":{"line":521,"column":12},"end":{"line":521,"column":16}},"157":{"start":{"line":522,"column":12},"end":{"line":522,"column":16}},"158":{"start":{"line":527,"column":6},"end":{"line":527,"column":37}},"159":{"start":{"line":528,"column":6},"end":{"line":530,"column":7}},"160":{"start":{"line":529,"column":8},"end":{"line":529,"column":37}},"161":{"start":{"line":532,"column":6},"end":{"line":532,"column":51}},"162":{"start":{"line":536,"column":2},"end":{"line":543,"column":3}},"163":{"start":{"line":538,"column":4},"end":{"line":538,"column":34}},"164":{"start":{"line":539,"column":4},"end":{"line":541,"column":5}},"165":{"start":{"line":540,"column":6},"end":{"line":540,"column":137}},"166":{"start":{"line":542,"column":4},"end":{"line":542,"column":20}},"167":{"start":{"line":546,"column":0},"end":{"line":551,"column":1}},"168":{"start":{"line":547,"column":2},"end":{"line":547,"column":15}},"169":{"start":{"line":548,"column":2},"end":{"line":548,"column":45}},"170":{"start":{"line":549,"column":2},"end":{"line":549,"column":22}},"171":{"start":{"line":550,"column":2},"end":{"line":550,"column":22}},"172":{"start":{"line":555,"column":0},"end":{"line":557,"column":37}},"173":{"start":{"line":686,"column":0},"end":{"line":753,"column":4}},"174":{"start":{"line":687,"column":2},"end":{"line":689,"column":34}},"175":{"start":{"line":691,"column":2},"end":{"line":691,"column":46}},"176":{"start":{"line":692,"column":2},"end":{"line":692,"column":36}},"177":{"start":{"line":693,"column":2},"end":{"line":693,"column":38}},"178":{"start":{"line":694,"column":2},"end":{"line":694,"column":34}},"179":{"start":{"line":695,"column":2},"end":{"line":695,"column":34}},"180":{"start":{"line":697,"column":2},"end":{"line":752,"column":4}},"181":{"start":{"line":698,"column":4},"end":{"line":698,"column":49}},"182":{"start":{"line":698,"column":37},"end":{"line":698,"column":49}},"183":{"start":{"line":699,"column":4},"end":{"line":699,"column":99}},"184":{"start":{"line":699,"column":25},"end":{"line":699,"column":99}},"185":{"start":{"line":701,"column":4},"end":{"line":704,"column":55}},"186":{"start":{"line":703,"column":61},"end":{"line":703,"column":79}},"187":{"start":{"line":704,"column":43},"end":{"line":704,"column":53}},"188":{"start":{"line":706,"column":4},"end":{"line":706,"column":14}},"189":{"start":{"line":707,"column":4},"end":{"line":707,"column":19}},"190":{"start":{"line":708,"column":4},"end":{"line":708,"column":18}},"191":{"start":{"line":709,"column":4},"end":{"line":709,"column":12}},"192":{"start":{"line":710,"column":4},"end":{"line":710,"column":10}},"193":{"start":{"line":711,"column":4},"end":{"line":722,"column":5}},"194":{"start":{"line":713,"column":6},"end":{"line":713,"column":21}},"195":{"start":{"line":715,"column":6},"end":{"line":717,"column":7}},"196":{"start":{"line":716,"column":8},"end":{"line":716,"column":55}},"197":{"start":{"line":718,"column":6},"end":{"line":718,"column":22}},"198":{"start":{"line":719,"column":6},"end":{"line":719,"column":32}},"199":{"start":{"line":720,"column":6},"end":{"line":720,"column":56}},"200":{"start":{"line":721,"column":6},"end":{"line":721,"column":47}},"201":{"start":{"line":723,"column":4},"end":{"line":723,"column":17}},"202":{"start":{"line":724,"column":4},"end":{"line":724,"column":36}},"203":{"start":{"line":726,"column":4},"end":{"line":731,"column":5}},"204":{"start":{"line":727,"column":6},"end":{"line":729,"column":7}},"205":{"start":{"line":728,"column":8},"end":{"line":728,"column":15}},"206":{"start":{"line":730,"column":6},"end":{"line":730,"column":36}},"207":{"start":{"line":733,"column":4},"end":{"line":751,"column":5}},"208":{"start":{"line":734,"column":6},"end":{"line":734,"column":50}},"209":{"start":{"line":735,"column":6},"end":{"line":735,"column":23}},"210":{"start":{"line":737,"column":6},"end":{"line":739,"column":7}},"211":{"start":{"line":738,"column":8},"end":{"line":738,"column":59}},"212":{"start":{"line":741,"column":6},"end":{"line":745,"column":7}},"213":{"start":{"line":742,"column":8},"end":{"line":744,"column":24}},"214":{"start":{"line":746,"column":6},"end":{"line":748,"column":22}},"215":{"start":{"line":749,"column":6},"end":{"line":749,"column":20}},"216":{"start":{"line":750,"column":6},"end":{"line":750,"column":24}}},"branchMap":{"1":{"line":161,"type":"if","locations":[{"start":{"line":161,"column":4},"end":{"line":161,"column":4}},{"start":{"line":161,"column":4},"end":{"line":161,"column":4}}]},"2":{"line":205,"type":"if","locations":[{"start":{"line":205,"column":4},"end":{"line":205,"column":4}},{"start":{"line":205,"column":4},"end":{"line":205,"column":4}}]},"3":{"line":227,"type":"binary-expr","locations":[{"start":{"line":227,"column":17},"end":{"line":227,"column":47}},{"start":{"line":227,"column":64},"end":{"line":230,"column":3}}]},"4":{"line":316,"type":"cond-expr","locations":[{"start":{"line":316,"column":26},"end":{"line":316,"column":45}},{"start":{"line":316,"column":48},"end":{"line":316,"column":56}}]},"5":{"line":324,"type":"if","locations":[{"start":{"line":324,"column":4},"end":{"line":324,"column":4}},{"start":{"line":324,"column":4},"end":{"line":324,"column":4}}]},"6":{"line":324,"type":"binary-expr","locations":[{"start":{"line":324,"column":8},"end":{"line":324,"column":23}},{"start":{"line":324,"column":27},"end":{"line":324,"column":57}}]},"7":{"line":329,"type":"binary-expr","locations":[{"start":{"line":329,"column":21},"end":{"line":329,"column":40}},{"start":{"line":329,"column":44},"end":{"line":329,"column":68}}]},"8":{"line":333,"type":"if","locations":[{"start":{"line":333,"column":4},"end":{"line":333,"column":4}},{"start":{"line":333,"column":4},"end":{"line":333,"column":4}}]},"9":{"line":356,"type":"if","locations":[{"start":{"line":356,"column":4},"end":{"line":356,"column":4}},{"start":{"line":356,"column":4},"end":{"line":356,"column":4}}]},"10":{"line":356,"type":"binary-expr","locations":[{"start":{"line":356,"column":8},"end":{"line":356,"column":21}},{"start":{"line":356,"column":25},"end":{"line":356,"column":43}}]},"11":{"line":358,"type":"if","locations":[{"start":{"line":358,"column":11},"end":{"line":358,"column":11}},{"start":{"line":358,"column":11},"end":{"line":358,"column":11}}]},"12":{"line":366,"type":"if","locations":[{"start":{"line":366,"column":6},"end":{"line":366,"column":6}},{"start":{"line":366,"column":6},"end":{"line":366,"column":6}}]},"13":{"line":372,"type":"if","locations":[{"start":{"line":372,"column":6},"end":{"line":372,"column":6}},{"start":{"line":372,"column":6},"end":{"line":372,"column":6}}]},"14":{"line":381,"type":"switch","locations":[{"start":{"line":382,"column":8},"end":{"line":384,"column":16}},{"start":{"line":385,"column":8},"end":{"line":387,"column":16}}]},"15":{"line":391,"type":"if","locations":[{"start":{"line":391,"column":6},"end":{"line":391,"column":6}},{"start":{"line":391,"column":6},"end":{"line":391,"column":6}}]},"16":{"line":392,"type":"if","locations":[{"start":{"line":392,"column":8},"end":{"line":392,"column":8}},{"start":{"line":392,"column":8},"end":{"line":392,"column":8}}]},"17":{"line":396,"type":"if","locations":[{"start":{"line":396,"column":8},"end":{"line":396,"column":8}},{"start":{"line":396,"column":8},"end":{"line":396,"column":8}}]},"18":{"line":399,"type":"if","locations":[{"start":{"line":399,"column":12},"end":{"line":399,"column":12}},{"start":{"line":399,"column":12},"end":{"line":399,"column":12}}]},"19":{"line":401,"type":"if","locations":[{"start":{"line":401,"column":12},"end":{"line":401,"column":12}},{"start":{"line":401,"column":12},"end":{"line":401,"column":12}}]},"20":{"line":463,"type":"if","locations":[{"start":{"line":463,"column":8},"end":{"line":463,"column":8}},{"start":{"line":463,"column":8},"end":{"line":463,"column":8}}]},"21":{"line":463,"type":"binary-expr","locations":[{"start":{"line":463,"column":12},"end":{"line":463,"column":33}},{"start":{"line":463,"column":37},"end":{"line":463,"column":57}}]},"22":{"line":466,"type":"if","locations":[{"start":{"line":466,"column":8},"end":{"line":466,"column":8}},{"start":{"line":466,"column":8},"end":{"line":466,"column":8}}]},"23":{"line":466,"type":"binary-expr","locations":[{"start":{"line":466,"column":12},"end":{"line":466,"column":33}},{"start":{"line":466,"column":37},"end":{"line":466,"column":64}}]},"24":{"line":471,"type":"binary-expr","locations":[{"start":{"line":471,"column":27},"end":{"line":471,"column":40}},{"start":{"line":471,"column":44},"end":{"line":471,"column":58}},{"start":{"line":471,"column":64},"end":{"line":471,"column":85}}]},"25":{"line":472,"type":"if","locations":[{"start":{"line":472,"column":12},"end":{"line":472,"column":12}},{"start":{"line":472,"column":12},"end":{"line":472,"column":12}}]},"26":{"line":472,"type":"binary-expr","locations":[{"start":{"line":472,"column":16},"end":{"line":472,"column":41}},{"start":{"line":473,"column":15},"end":{"line":473,"column":38}},{"start":{"line":473,"column":42},"end":{"line":473,"column":70}}]},"27":{"line":486,"type":"if","locations":[{"start":{"line":486,"column":8},"end":{"line":486,"column":8}},{"start":{"line":486,"column":8},"end":{"line":486,"column":8}}]},"28":{"line":486,"type":"binary-expr","locations":[{"start":{"line":486,"column":12},"end":{"line":486,"column":33}},{"start":{"line":486,"column":37},"end":{"line":486,"column":64}},{"start":{"line":486,"column":68},"end":{"line":486,"column":94}}]},"29":{"line":492,"type":"if","locations":[{"start":{"line":492,"column":8},"end":{"line":492,"column":8}},{"start":{"line":492,"column":8},"end":{"line":492,"column":8}}]},"30":{"line":497,"type":"if","locations":[{"start":{"line":497,"column":8},"end":{"line":497,"column":8}},{"start":{"line":497,"column":8},"end":{"line":497,"column":8}}]},"31":{"line":514,"type":"if","locations":[{"start":{"line":514,"column":6},"end":{"line":514,"column":6}},{"start":{"line":514,"column":6},"end":{"line":514,"column":6}}]},"32":{"line":519,"type":"if","locations":[{"start":{"line":519,"column":10},"end":{"line":519,"column":10}},{"start":{"line":519,"column":10},"end":{"line":519,"column":10}}]},"33":{"line":519,"type":"binary-expr","locations":[{"start":{"line":519,"column":14},"end":{"line":519,"column":38}},{"start":{"line":519,"column":42},"end":{"line":519,"column":79}}]},"34":{"line":528,"type":"if","locations":[{"start":{"line":528,"column":6},"end":{"line":528,"column":6}},{"start":{"line":528,"column":6},"end":{"line":528,"column":6}}]},"35":{"line":539,"type":"if","locations":[{"start":{"line":539,"column":4},"end":{"line":539,"column":4}},{"start":{"line":539,"column":4},"end":{"line":539,"column":4}}]},"36":{"line":539,"type":"binary-expr","locations":[{"start":{"line":539,"column":8},"end":{"line":539,"column":16}},{"start":{"line":539,"column":20},"end":{"line":539,"column":53}}]},"37":{"line":540,"type":"binary-expr","locations":[{"start":{"line":540,"column":103},"end":{"line":540,"column":117}},{"start":{"line":540,"column":121},"end":{"line":540,"column":135}}]},"38":{"line":698,"type":"if","locations":[{"start":{"line":698,"column":4},"end":{"line":698,"column":4}},{"start":{"line":698,"column":4},"end":{"line":698,"column":4}}]},"39":{"line":698,"type":"binary-expr","locations":[{"start":{"line":698,"column":8},"end":{"line":698,"column":20}},{"start":{"line":698,"column":24},"end":{"line":698,"column":35}}]},"40":{"line":699,"type":"if","locations":[{"start":{"line":699,"column":4},"end":{"line":699,"column":4}},{"start":{"line":699,"column":4},"end":{"line":699,"column":4}}]},"41":{"line":702,"type":"cond-expr","locations":[{"start":{"line":702,"column":31},"end":{"line":702,"column":41}},{"start":{"line":703,"column":6},"end":{"line":704,"column":54}}]},"42":{"line":703,"type":"cond-expr","locations":[{"start":{"line":703,"column":29},"end":{"line":703,"column":80}},{"start":{"line":704,"column":6},"end":{"line":704,"column":54}}]},"43":{"line":715,"type":"if","locations":[{"start":{"line":715,"column":6},"end":{"line":715,"column":6}},{"start":{"line":715,"column":6},"end":{"line":715,"column":6}}]},"44":{"line":715,"type":"binary-expr","locations":[{"start":{"line":715,"column":10},"end":{"line":715,"column":19}},{"start":{"line":715,"column":23},"end":{"line":715,"column":32}}]},"45":{"line":716,"type":"cond-expr","locations":[{"start":{"line":716,"column":26},"end":{"line":716,"column":35}},{"start":{"line":716,"column":38},"end":{"line":716,"column":47}}]},"46":{"line":727,"type":"if","locations":[{"start":{"line":727,"column":6},"end":{"line":727,"column":6}},{"start":{"line":727,"column":6},"end":{"line":727,
[...]
           voidElements,","                                     blockElements,","                                     inlineElements,","                                     optionalEndTagElements);","","  //Attributes that have href and hence need to be sanitized","  var uriAttrs = toMap('background,cite,href,longdesc,src,xlink:href');","","  var htmlAttrs = toMap('abbr,align,alt,axis,bgcolor,border,cellpadding,cellspacing,class,clear,' +","      'color,cols,colspan,compact,coords,dir,face,headers,height,hreflang,hspace,' +","      'ismap,lang,language,nohref,nowrap,rel,rev,rows,rowspan,rules,' +","      'scope,scrolling,shape,size,span,start,summary,tabindex,target,title,type,' +","      'valign,value,vspace,width');","","  // SVG attributes (without \"id\" and \"name\" attributes)","  // https://wiki.whatwg.org/wiki/Sanitization_rules#svg_Attributes","  var svgAttrs = toMap('accent-height,accumulate,additive,alphabetic,arabic-form,ascent,' +","      'baseProfile,bbox,begin,by,calcMode,cap-height,class,color,color-rendering,content,' +","      'cx,cy,d,dx,dy,descent,display,dur,end,fill,fill-rule,font-family,font-size,font-stretch,' +","      'font-style,font-variant,font-weight,from,fx,fy,g1,g2,glyph-name,gradientUnits,hanging,' +","      'height,horiz-adv-x,horiz-origin-x,ideographic,k,keyPoints,keySplines,keyTimes,lang,' +","      'marker-end,marker-mid,marker-start,markerHeight,markerUnits,markerWidth,mathematical,' +","      'max,min,offset,opacity,orient,origin,overline-position,overline-thickness,panose-1,' +","      'path,pathLength,points,preserveAspectRatio,r,refX,refY,repeatCount,repeatDur,' +","      'requiredExtensions,requiredFeatures,restart,rotate,rx,ry,slope,stemh,stemv,stop-color,' +","      'stop-opacity,strikethrough-position,strikethrough-thickness,stroke,stroke-dasharray,' +","      'stroke-dashoffset,stroke-linecap,stroke-linejoin,stroke-miterlimit,stroke-opacity,' +","      'stroke-width,systemLanguage,target,text-anchor,to,transform,type,u1,u2,underline-position,' +","      'underline-thickness,unicode,unicode-range,units-per-em,values,version,viewBox,visibility,' +","      'width,widths,x,x-height,x1,x2,xlink:actuate,xlink:arcrole,xlink:role,xlink:show,xlink:title,' +","      'xlink:type,xml:base,xml:lang,xml:space,xmlns,xmlns:xlink,y,y1,y2,zoomAndPan', true);","","  var validAttrs = extend({},","                                  uriAttrs,","                                  svgAttrs,","                                  htmlAttrs);","","  function toMap(str, lowercaseKeys) {","    var obj = {}, items = str.split(','), i;","    for (i = 0; i < items.length; i++) {","      obj[lowercaseKeys ? lowercase(items[i]) : items[i]] = true;","    }","    return obj;","  }","","  var inertBodyElement;","  (function(window) {","    var doc;","    if (window.document && window.document.implementation) {","      doc = window.document.implementation.createHTMLDocument('inert');","    } else {","      throw $sanitizeMinErr('noinert', 'Can\\'t create an inert html document');","    }","    var docElement = doc.documentElement || doc.getDocumentElement();","    var bodyElements = docElement.getElementsByTagName('body');","","    // usually there should be only one body element in the document, but IE doesn't have any, so we need to create one","    if (bodyElements.length === 1) {","      inertBodyElement = bodyElements[0];","    } else {","      var html = doc.createElement('html');","      inertBodyElement = doc.createElement('body');","      html.appendChild(inertBodyElement);","      doc.appendChild(html);","    }","  })(window);","","  /**","   * @example","   * htmlParser(htmlString, {","   *     start: function(tag, attrs) {},","   *     end: function(tag) {},","   *     chars: function(text) {},","   *     comment: function(text) {}","   * });","   *","   * @param {string} html string","   * @param {object} handler","   */","  function htmlParserImpl(html, handler) {","    if (html === null || html === undefined) {","      html = '';","    } else if (typeof html !== 'string') {","      html = '' + html;","    }","    inertBodyElement.innerHTML = html;","","    //mXSS protection","    var mXSSAttempts = 5;","    do {","      if (mXSSAttempts === 0) {","        throw $sanitizeMinErr('uinput', 'Failed to sanitize html because the input is unstable');","      }","      mXSSAttempts--;","","      // strip custom-namespaced attributes on IE<=11","      if (window.document.documentMode) {","        stripCustomNsAttrs(inertBodyElement);","      }","      html = inertBodyElement.innerHTML; //trigger mXSS","      inertBodyElement.innerHTML = html;","    } while (html !== inertBodyElement.innerHTML);","","    var node = inertBodyElement.firstChild;","    while (node) {","      switch (node.nodeType) {","        case 1: // ELEMENT_NODE","          handler.start(node.nodeName.toLowerCase(), attrToMap(node.attributes));","          break;","        case 3: // TEXT NODE","          handler.chars(node.textContent);","          break;","      }","","      var nextNode;","      if (!(nextNode = node.firstChild)) {","        if (node.nodeType === 1) {","          handler.end(node.nodeName.toLowerCase());","        }","        nextNode = getNonDescendant('nextSibling', node);","        if (!nextNode) {","          while (nextNode == null) {","            node = getNonDescendant('parentNode', node);","            if (node === inertBodyElement) break;","            nextNode = getNonDescendant('nextSibling', node);","            if (node.nodeType === 1) {","              handler.end(node.nodeName.toLowerCase());","            }","          }","        }","      }","      node = nextNode;","    }","","    while ((node = inertBodyElement.firstChild)) {","      inertBodyElement.removeChild(node);","    }","  }","","  function attrToMap(attrs) {","    var map = {};","    for (var i = 0, ii = attrs.length; i < ii; i++) {","      var attr = attrs[i];","      map[attr.name] = attr.value;","    }","    return map;","  }","","","  /**","   * Escapes all potentially dangerous characters, so that the","   * resulting string can be safely inserted into attribute or","   * element text.","   * @param value","   * @returns {string} escaped text","   */","  function encodeEntities(value) {","    return value.","      replace(/&/g, '&amp;').","      replace(SURROGATE_PAIR_REGEXP, function(value) {","        var hi = value.charCodeAt(0);","        var low = value.charCodeAt(1);","        return '&#' + (((hi - 0xD800) * 0x400) + (low - 0xDC00) + 0x10000) + ';';","      }).","      replace(NON_ALPHANUMERIC_REGEXP, function(value) {","        return '&#' + value.charCodeAt(0) + ';';","      }).","      replace(/</g, '&lt;').","      replace(/>/g, '&gt;');","  }","","  /**","   * create an HTML/XML writer which writes to buffer","   * @param {Array} buf use buf.join('') to get out sanitized html string","   * @returns {object} in the form of {","   *     start: function(tag, attrs) {},","   *     end: function(tag) {},","   *     chars: function(text) {},","   *     comment: function(text) {}","   * }","   */","  function htmlSanitizeWriterImpl(buf, uriValidator) {","    var ignoreCurrentElement = false;","    var out = bind(buf, buf.push);","    return {","      start: function(tag, attrs) {","        tag = lowercase(tag);","        if (!ignoreCurrentElement && blockedElements[tag]) {","          ignoreCurrentElement = tag;","        }","        if (!ignoreCurrentElement && validElements[tag] === true) {","          out('<');","          out(tag);","          forEach(attrs, function(value, key) {","            var lkey = lowercase(key);","            var isImage = (tag === 'img' && lkey === 'src') || (lkey === 'background');","            if (validAttrs[lkey] === true &&","              (uriAttrs[lkey] !== true || uriValidator(value, isImage))) {","              out(' ');","              out(key);","              out('=\"');","              out(encodeEntities(value));","              out('\"');","            }","          });","          out('>');","        }","      },","      end: function(tag) {","        tag = lowercase(tag);","        if (!ignoreCurrentElement && validElements[tag] === true && voidElements[tag] !== true) {","          out('</');","          out(tag);","          out('>');","        }","        // eslint-disable-next-line eqeqeq","        if (tag == ignoreCurrentElement) {","          ignoreCurrentElement = false;","        }","      },","      chars: function(chars) {","        if (!ignoreCurrentElement) {","          out(encodeEntities(chars));","        }","      }","    };","  }","","","  /**","   * When IE9-11 comes across an unknown namespaced attribute e.g. 'xlink:foo' it adds 'xmlns:ns1' attribute to declare","   * ns1 namespace and prefixes the attribute with 'ns1' (e.g. 'ns1:xlink:foo'). This is undesirable since we don't want","   * to allow any of these custom attributes. This method strips them all.","   *","   * @param node Root element to process","   */","  function stripCustomNsAttrs(node) {","    while (node) {","      if (node.nodeType === window.Node.ELEMENT_NODE) {","        var attrs = node.attributes;","        for (var i = 0, l = attrs.length; i < l; i++) {","          var attrNode = attrs[i];","          var attrName = attrNode.name.toLowerCase();","          if (attrName === 'xmlns:ns1' || attrName.lastIndexOf('ns1:', 0) === 0) {","            node.removeAttributeNode(attrNode);","            i--;","            l--;","          }","        }","      }","","      var nextNode = node.firstChild;","      if (nextNode) {","        stripCustomNsAttrs(nextNode);","      }","","      node = getNonDescendant('nextSibling', node);","    }","  }","","  function getNonDescendant(propName, node) {","    // An element is clobbered if its `propName` property points to one of its descendants","    var nextNode = node[propName];","    if (nextNode && nodeContains.call(node, nextNode)) {","      throw $sanitizeMinErr('elclob', 'Failed to sanitize html because the element is clobbered: {0}', node.outerHTML || node.outerText);","    }","    return nextNode;","  }","}","","function sanitizeText(chars) {","  var buf = [];","  var writer = htmlSanitizeWriter(buf, noop);","  writer.chars(chars);","  return buf.join('');","}","","","// define ngSanitize module and register $sanitize service","angular.module('ngSanitize', [])","  .provider('$sanitize', $SanitizeProvider)","  .info({ angularVersion: '1.6.4' });","","/**"," * @ngdoc filter"," * @name linky"," * @kind function"," *"," * @description"," * Finds links in text input and turns them into html links. Supports `http/https/ftp/mailto` and"," * plain email address links."," *"," * Requires the {@link ngSanitize `ngSanitize`} module to be installed."," *"," * @param {string} text Input text."," * @param {string} target Window (`_blank|_self|_parent|_top`) or named frame to open links in."," * @param {object|function(url)} [attributes] Add custom attributes to the link element."," *"," *    Can be one of:"," *"," *    - `object`: A map of attributes"," *    - `function`: Takes the url as a parameter and returns a map of attributes"," *"," *    If the map of attributes contains a value for `target`, it overrides the value of"," *    the target parameter."," *"," *"," * @returns {string} Html-linkified and {@link $sanitize sanitized} text."," *"," * @usage","   <span ng-bind-html=\"linky_expression | linky\"></span>"," *"," * @example","   <example module=\"linkyExample\" deps=\"angular-sanitize.js\" name=\"linky-filter\">","     <file name=\"index.html\">","       <div ng-controller=\"ExampleController\">","       Snippet: <textarea ng-model=\"snippet\" cols=\"60\" rows=\"3\"></textarea>","       <table>","         <tr>","           <th>Filter</th>","           <th>Source</th>","           <th>Rendered</th>","         </tr>","         <tr id=\"linky-filter\">","           <td>linky filter</td>","           <td>","             <pre>&lt;div ng-bind-html=\"snippet | linky\"&gt;<br>&lt;/div&gt;</pre>","           </td>","           <td>","             <div ng-bind-html=\"snippet | linky\"></div>","           </td>","         </tr>","         <tr id=\"linky-target\">","          <td>linky target</td>","          <td>","            <pre>&lt;div ng-bind-html=\"snippetWithSingleURL | linky:'_blank'\"&gt;<br>&lt;/div&gt;</pre>","          </td>","          <td>","            <div ng-bind-html=\"snippetWithSingleURL | linky:'_blank'\"></div>","          </td>","         </tr>","         <tr id=\"linky-custom-attributes\">","          <td>linky custom attributes</td>","          <td>","            <pre>&lt;div ng-bind-html=\"snippetWithSingleURL | linky:'_self':{rel: 'nofollow'}\"&gt;<br>&lt;/div&gt;</pre>","          </td>","          <td>","            <div ng-bind-html=\"snippetWithSingleURL | linky:'_self':{rel: 'nofollow'}\"></div>","          </td>","         </tr>","         <tr id=\"escaped-html\">","           <td>no filter</td>","           <td><pre>&lt;div ng-bind=\"snippet\"&gt;<br>&lt;/div&gt;</pre></td>","           <td><div ng-bind=\"snippet\"></div></td>","         </tr>","       </table>","     </file>","     <file name=\"script.js\">","       angular.module('linkyExample', ['ngSanitize'])","         .controller('ExampleController', ['$scope', function($scope) {","           $scope.snippet =","             'Pretty text with some links:\\n' +","             'http://angularjs.org/,\\n' +","             'mailto:us@somewhere.org,\\n' +","             'another@somewhere.org,\\n' +","             'and one more: ftp://127.0.0.1/.';","           $scope.snippetWithSingleURL = 'http://angularjs.org/';","         }]);","     </file>","     <file name=\"protractor.js\" type=\"protractor\">","       it('should linkify the snippet with urls', function() {","         expect(element(by.id('linky-filter')).element(by.binding('snippet | linky')).getText()).","             toBe('Pretty text with some links: http://angularjs.org/, us@somewhere.org, ' +","                  'another@somewhere.org, and one more: ftp://127.0.0.1/.');","         expect(element.all(by.css('#linky-filter a')).count()).toEqual(4);","       });","","       it('should not linkify snippet without the linky filter', function() {","         expect(element(by.id('escaped-html')).element(by.binding('snippet')).getText()).","             toBe('Pretty text with some links: http://angularjs.org/, mailto:us@somewhere.org, ' +","                  'another@somewhere.org, and one more: ftp://127.0.0.1/.');","         expect(element.all(by.css('#escaped-html a')).count()).toEqual(0);","       });","","       it('should update', function() {","         element(by.model('snippet')).clear();","         element(by.model('snippet')).sendKeys('new http://link.');","         expect(element(by.id('linky-filter')).element(by.binding('snippet | linky')).getText()).","             toBe('new http://link.');","         expect(element.all(by.css('#linky-filter a')).count()).toEqual(1);","         expect(element(by.id('escaped-html')).element(by.binding('snippet')).getText())","             .toBe('new http://link.');","       });","","       it('should work with the target property', function() {","        expect(element(by.id('linky-target')).","            element(by.binding(\"snippetWithSingleURL | linky:'_blank'\")).getText()).","            toBe('http://angularjs.org/');","        expect(element(by.css('#linky-target a')).getAttribute('target')).toEqual('_blank');","       });","","       it('should optionally add custom attributes', function() {","        expect(element(by.id('linky-custom-attributes')).","            element(by.binding(\"snippetWithSingleURL | linky:'_self':{rel: 'nofollow'}\")).getText()).","            toBe('http://angularjs.org/');","        expect(element(by.css('#linky-custom-attributes a')).getAttribute('rel')).toEqual('nofollow');","       });","     </file>","   </example>"," */","angular.module('ngSanitize').filter('linky', ['$sanitize', function($sanitize) {","  var LINKY_URL_REGEXP =","        /((ftp|https?):\\/\\/|(www\\.)|(mailto:)?[A-Za-z0-9._%+-]+@)\\S*[^\\s.;,(){}<>\"\\u201d\\u2019]/i,","      MAILTO_REGEXP = /^mailto:/i;","","  var linkyMinErr = angular.$$minErr('linky');","  var isDefined = angular.isDefined;","  var isFunction = angular.isFunction;","  var isObject = angular.isObject;","  var isString = angular.isString;","","  return function(text, target, attributes) {","    if (text == null || text === '') return text;","    if (!isString(text)) throw linkyMinErr('notstring', 'Expected string but received: {0}', text);","","    var attributesFn =","      isFunction(attributes) ? attributes :","      isObject(attributes) ? function getAttributesObject() {return attributes;} :","      function getEmptyAttributesObject() {return {};};","","    var match;","    var raw = text;","    var html = [];","    var url;","    var i;","    while ((match = raw.match(LINKY_URL_REGEXP))) {","      // We can not end in these as they are sometimes found at the end of the sentence","      url = match[0];","      // if we did not match ftp/http/www/mailto then assume mailto","      if (!match[2] && !match[4]) {","        url = (match[3] ? 'http://' : 'mailto:') + url;","      }","      i = match.index;","      addText(raw.substr(0, i));","      addLink(url, match[0].replace(MAILTO_REGEXP, ''));","      raw = raw.substring(i + match[0].length);","    }","    addText(raw);","    return $sanitize(html.join(''));","","    function addText(text) {","      if (!text) {","        return;","      }","      html.push(sanitizeText(text));","    }","","    function addLink(url, text) {","      var key, linkAttributes = attributesFn(url);","      html.push('<a ');","","      for (key in linkAttributes) {","        html.push(key + '=\"' + linkAttributes[key] + '\" ');","      }","","      if (isDefined(target) && !('target' in linkAttributes)) {","        html.push('target=\"',","                  target,","                  '\" ');","      }","      html.push('href=\"',","                url.replace(/\"/g, '&quot;'),","                '\">');","      addText(text);","      html.push('</a>');","    }","  };","}]);","","","})(window, window.angular);",""],"l":{"6":4,"19":0,"20":0,"21":0,"22":0,"23":0,"24":0,"25":0,"26":0,"27":0,"28":0,"157":1,"158":0,"160":0,"161":0,"162":0,"164":0,"165":0,"166":0,"167":0,"169":0,"204":0,"205":0,"206":0,"207":0,"209":0,"217":0,"218":0,"219":0,"220":0,"221":0,"222":0,"224":0,"225":0,"227":0,"229":0,"233":0,"244":0,"248":0,"255":0,"260":0,"268":0,"273":0,"275":0,"282":0,"284":0,"292":0,"308":0,"313":1,"314":0,"315":0,"316":0,"318":0,"321":0,"322":0,"323":0,"324":0,"325":0,"327":0,"329":0,"330":0,"333":0,"334":0,"336":0,"337":0,"338":0,"339":0,"355":1,"356":0,"357":0,"358":0,"359":0,"361":0,"364":0,"365":0,"366":0,"367":0,"369":0,"372":0,"373":0,"375":0,"376":0,"379":0,"380":0,"381":0,"383":0,"384":0,"386":0,"387":0,"390":0,"391":0,"392":0,"393":0,"395":0,"396":0,"397":0,"398":0,"399":0,"400":0,"401":0,"402":0,"407":0,"410":0,"411":0,"415":1,"416":0,"417":0,"418":0,"419":0,"421":0,"432":1,"433":0,"436":0,"437":0,"438":0,"441":0,"457":1,"458":0,"459":0,"460":0,"462":0,"463":0,"464":0,"466":0,"467":0,"468":0,"469":0,"470":0,"471":0,"472":0,"474":0,"475":0,"476":0,"477":0,"478":0,"481":0,"485":0,"486":0,"487":0,"488":0,"489":0,"492":0,"493":0,"497":0,"498":0,"512":1,"513":0,"514":0,"515":0,"516":0,"517":0,"518":0,"519":0,"520":0,"521":0,"522":0,"527":0,"528":0,"529":0,"532":0,"536":1,"538":0,"539":0,"540":0,"542":0,"546":1,"547":0,"548":0,"549":0,"550":0,"555":0,"686":0,"687":0,"691":0,"692":0,"693":0,"694":0,"695":0,"697":0,"698":0,"699":0,"701":0,"703":0,"704":0,"706":0,"707":0,"708":0,"709":0,"710":0,"711":0,"713":0,"715":0,"716":0,"718":0,"719":0,"720":0,"721":0,"723":0,"724":0,"726":1,"727":0,"728":0,"730":0,"733":1,"734":0,"735":0,"737":0,"738":0,"741":0,"742":0,"746":0,"749":0,"750":0}}}